#
# A fatal error has been detected by the Java Runtime Environment:
#
#  SIGSEGV (0xb) at pc=0x00007f3f38aa894e, pid=6150, tid=139909382489856
#
# JRE version: 6.0_23-b23
# Java VM: OpenJDK 64-Bit Server VM (20.0-b11 mixed mode linux-amd64 compressed oops)
# Derivative: IcedTea6 1.11pre
# Distribution: Ubuntu 11.10, package 6b23~pre11-0ubuntu1.11.10.1
# Problematic frame:
# V  [libjvm.so+0x5bc94e]  PhaseIdealLoop::build_loop_late_post(Node*)+0x14e
#
# If you would like to submit a bug report, please include
# instructions how to reproduce the bug and visit:
#   https://bugs.launchpad.net/ubuntu/+source/openjdk-6/
#

---------------  T H R E A D  ---------------

Current thread (0x00007f3f2c055000):  JavaThread "C2 CompilerThread0" daemon [_thread_in_native, id=6166, stack(0x00007f3f30fb4000,0x00007f3f310b5000)]

siginfo:si_signo=SIGSEGV: si_errno=0, si_code=1 (SEGV_MAPERR), si_addr=0x0000000000000008

Registers:
RAX=0x0000000000000000, RBX=0x00007f3f310b1b30, RCX=0x0000000000feae90, RDX=0x0000000000002000
RSP=0x00007f3f310b0370, RBP=0x00007f3f310b03b0, RSI=0x00000000010d5dc0, RDI=0x0000000000000000
R8 =0x00000000026e4770, R9 =0x00007f3f310b1b30, R10=0x00000000010d5dc0, R11=0x0000000000000000
R12=0x00007f3f2da163d0, R13=0x00000000025f0418, R14=0x00007f3f310b1b50, R15=0x00000000010c5da8
RIP=0x00007f3f38aa894e, EFLAGS=0x0000000000010206, CSGSFS=0x0000000000000033, ERR=0x0000000000000004
  TRAPNO=0x000000000000000e

Top of Stack: (sp=0x00007f3f310b0370)
0x00007f3f310b0370:   0000000002a96a28 00007f3f310b0650
0x00007f3f310b0380:   00007f3f310b03b0 00007f3f310b1b30
0x00007f3f310b0390:   0000000000000002 00007f3f2da163d0
0x00007f3f310b03a0:   000000000216c858 00007f3f310b0650
0x00007f3f310b03b0:   00007f3f310b0420 00007f3f38aa8ebb
0x00007f3f310b03c0:   0000000000fbf3b0 00007f3f00000100
0x00007f3f310b03d0:   00007f3f00000001 00007f3f310b24d0
0x00007f3f310b03e0:   00007f3f310b0670 00007f3f310b0610
0x00007f3f310b03f0:   0000000000001804 00007f3f310b1b30
0x00007f3f310b0400:   0000000000000007 0000000000000001
0x00007f3f310b0410:   0000000000000001 0000000000fbf3b0
0x00007f3f310b0420:   00007f3f310b06c0 00007f3f38aa9a82
0x00007f3f310b0430:   00007f3f2c308d38 0000000000fbf340
0x00007f3f310b0440:   00007f3f310b0450 00007f3f310b1b50
0x00007f3f310b0450:   00007f3f310b04b0 00007f3f388db8ce
0x00007f3f310b0460:   00007f3f2c37b7f0 00007f3f240b4ec0
0x00007f3f310b0470:   0000000000000000 0000000000000038
0x00007f3f310b0480:   00007f3f2c37b7f0 00007f3f310b3250
0x00007f3f310b0490:   00007f3f39091f2a 00007f3f390adb58
0x00007f3f310b04a0:   00007f3f310b10d8 00007f3f310b10f8
0x00007f3f310b04b0:   00007f3f310b04e0 00007f3f38b1c814
0x00007f3f310b04c0:   0000000002167660 00007f3f310b05b0
0x00007f3f310b04d0:   00007f3f310b04e0 00007f3f387f8402
0x00007f3f310b04e0:   00007f3f310b0540 00007f3f3895cea5
0x00007f3f310b04f0:   00007f3f24029440 00007f3f2d444a80
0x00007f3f310b0500:   00000000012b65c0 0000000038b7108d
0x00007f3f310b0510:   00007f3f310b10f8 0000000000010040
0x00007f3f310b0520:   00007f3f310b0710 00007f3f310b0710
0x00007f3f310b0530:   00007f3f2d444b30 00007f3f2d444ac8
0x00007f3f310b0540:   00007f3f310b0630 00007f3f396651c0
0x00007f3f310b0550:   00007f3f310b05e0 0000000000010010
0x00007f3f310b0560:   000000000109baf0 0000000000010000 

Instructions: (pc=0x00007f3f38aa894e)
0x00007f3f38aa892e:   4c 39 e8 0f 84 ad 03 00 00 8b 70 28 49 89 c7 0f
0x00007f3f38aa893e:   1f 00 4c 8b 93 e0 09 00 00 49 8d 34 f2 48 8b 06
0x00007f3f38aa894e:   48 8b 50 08 48 83 3a 00 75 27 8b 4b 28 0f 1f 44
0x00007f3f38aa895e:   00 00 8b 50 28 31 c0 39 ca 73 0c 48 8b 43 30 48 

Register to memory mapping:

RAX=0x0000000000000000 is an unknown value
RBX=0x00007f3f310b1b30 is pointing into the stack for thread: 0x00007f3f2c055000
RCX=0x0000000000feae90 is an unknown value
RDX=0x0000000000002000 is an unknown value
RSP=0x00007f3f310b0370 is pointing into the stack for thread: 0x00007f3f2c055000
RBP=0x00007f3f310b03b0 is pointing into the stack for thread: 0x00007f3f2c055000
RSI=0x00000000010d5dc0 is an unknown value
RDI=0x0000000000000000 is an unknown value
R8 =0x00000000026e4770 is an unknown value
R9 =0x00007f3f310b1b30 is pointing into the stack for thread: 0x00007f3f2c055000
R10=0x00000000010d5dc0 is an unknown value
R11=0x0000000000000000 is an unknown value
R12=0x00007f3f2da163d0 is an unknown value
R13=0x00000000025f0418 is an unknown value
R14=0x00007f3f310b1b50 is pointing into the stack for thread: 0x00007f3f2c055000
R15=0x00000000010c5da8 is an unknown value


Stack: [0x00007f3f30fb4000,0x00007f3f310b5000],  sp=0x00007f3f310b0370,  free space=1008k
Native frames: (J=compiled Java code, j=interpreted, Vv=VM code, C=native code)
V  [libjvm.so+0x5bc94e]  PhaseIdealLoop::build_loop_late_post(Node*)+0x14e
V  [libjvm.so+0x5bcebb]  PhaseIdealLoop::build_loop_late(VectorSet&, Node_List&, Node_Stack&)+0x10b
V  [libjvm.so+0x5bda82]  PhaseIdealLoop::build_and_optimize(bool, bool)+0x692
V  [libjvm.so+0x37bc8a]  Compile::Optimize()+0xd2a
V  [libjvm.so+0x37c9f3]  Compile::Compile(ciEnv*, C2Compiler*, ciMethod*, int, bool, bool)+0xad3
V  [libjvm.so+0x3062d0]  C2Compiler::compile_method(ciEnv*, ciMethod*, int)+0xe0
V  [libjvm.so+0x3810d3]  CompileBroker::invoke_compiler_on_method(CompileTask*)+0x2a3
V  [libjvm.so+0x381a1b]  CompileBroker::compiler_thread_loop()+0x45b
V  [libjvm.so+0x74bca8]  JavaThread::thread_main_inner()+0x58
V  [libjvm.so+0x64bc22]  java_start(Thread*)+0x112


Current CompileTask:
C2: 637541 735      jregex.Pretokenizer.next()V (1064 bytes)


---------------  P R O C E S S  ---------------

Java Threads: ( => current thread )
  0x00007f3f2415e000 JavaThread "net.sf.ehcache.CacheManager@5d9e4d25" daemon [_thread_blocked, id=6421, stack(0x00007f3f302b0000,0x00007f3f303b1000)]
  0x000000000104b000 JavaThread "New I/O server worker #1-15" [_thread_in_native, id=6379, stack(0x00007f3f2b7f8000,0x00007f3f2b8f9000)]
  0x0000000001318000 JavaThread "New I/O server worker #1-14" [_thread_in_native, id=6378, stack(0x00007f3f304b2000,0x00007f3f305b3000)]
  0x00000000024cf000 JavaThread "New I/O server worker #1-13" [_thread_in_native, id=6297, stack(0x00007f3f2b9fa000,0x00007f3f2bafb000)]
  0x00007f3f242d0800 JavaThread "com.mchange.v2.async.ThreadPoolAsynchronousRunner$PoolThread-#2" daemon [_thread_blocked, id=6177, stack(0x00007f3f2bbfc000,0x00007f3f2bcfd000)]
  0x00007f3f241fb800 JavaThread "com.mchange.v2.async.ThreadPoolAsynchronousRunner$PoolThread-#1" daemon [_thread_blocked, id=6176, stack(0x00007f3f2bcfd000,0x00007f3f2bdfe000)]
  0x00007f3f242ba000 JavaThread "com.mchange.v2.async.ThreadPoolAsynchronousRunner$PoolThread-#0" daemon [_thread_blocked, id=6175, stack(0x00007f3f2bdfe000,0x00007f3f2beff000)]
  0x00007f3f2429d000 JavaThread "Timer-0" daemon [_thread_blocked, id=6174, stack(0x00007f3f2beff000,0x00007f3f2c000000)]
  0x00000000013a2800 JavaThread "play-thread-1" [_thread_in_native, id=6172, stack(0x00007f3f303b1000,0x00007f3f304b2000)]
  0x0000000000f35000 JavaThread "DestroyJavaVM" [_thread_blocked, id=6151, stack(0x00007f3f39d93000,0x00007f3f39e94000)]
  0x000000000136b000 JavaThread "New I/O server boss #1 ([id: 0x7a9300cc, /0:0:0:0:0:0:0:0:9000])" [_thread_in_native, id=6170, stack(0x00007f3f305b3000,0x00007f3f306b4000)]
  0x00007f3f2c05a800 JavaThread "Low Memory Detector" daemon [_thread_blocked, id=6168, stack(0x00007f3f30db2000,0x00007f3f30eb3000)]
  0x00007f3f2c058000 JavaThread "C2 CompilerThread1" daemon [_thread_in_native, id=6167, stack(0x00007f3f30eb3000,0x00007f3f30fb4000)]
=>0x00007f3f2c055000 JavaThread "C2 CompilerThread0" daemon [_thread_in_native, id=6166, stack(0x00007f3f30fb4000,0x00007f3f310b5000)]
  0x00007f3f2c053000 JavaThread "JDWP Event Helper Thread" daemon [_thread_blocked, id=6165, stack(0x00007f3f310b5000,0x00007f3f311b6000)]
  0x00007f3f2c04f800 JavaThread "JDWP Transport Listener: dt_socket" daemon [_thread_in_native, id=6164, stack(0x00007f3f311b6000,0x00007f3f312b7000)]
  0x00007f3f2c01f000 JavaThread "Signal Dispatcher" daemon [_thread_blocked, id=6163, stack(0x00007f3f314bc000,0x00007f3f315bd000)]
  0x00007f3f2c001000 JavaThread "Finalizer" daemon [_thread_blocked, id=6162, stack(0x00007f3f315bd000,0x00007f3f316be000)]
  0x0000000000fab800 JavaThread "Reference Handler" daemon [_thread_blocked, id=6161, stack(0x00007f3f316be000,0x00007f3f317bf000)]

Other Threads:
  0x0000000000fa4800 VMThread [stack: 0x00007f3f317bf000,0x00007f3f318c0000] [id=6160]
  0x00007f3f2c065800 WatcherThread [stack: 0x00007f3f30cb1000,0x00007f3f30db2000] [id=6169]

VM state:not at safepoint (normal execution)

VM Mutex/Monitor currently owned by a thread: None

Heap
 PSYoungGen      total 40448K, used 22953K [0x00000000ebab0000, 0x00000000eeb00000, 0x0000000100000000)
  eden space 39104K, 55% used [0x00000000ebab0000,0x00000000ecfd2670,0x00000000ee0e0000)
  from space 1344K, 97% used [0x00000000ee240000,0x00000000ee388000,0x00000000ee390000)
  to   space 5184K, 0% used [0x00000000ee5f0000,0x00000000ee5f0000,0x00000000eeb00000)
 PSOldGen        total 41600K, used 15814K [0x00000000c3000000, 0x00000000c58a0000, 0x00000000ebab0000)
  object space 41600K, 38% used [0x00000000c3000000,0x00000000c3f71858,0x00000000c58a0000)
 PSPermGen       total 47168K, used 47143K [0x00000000b8a00000, 0x00000000bb810000, 0x00000000c3000000)
  object space 47168K, 99% used [0x00000000b8a00000,0x00000000bb809d18,0x00000000bb810000)

Code Cache  [0x00007f3f32f92000, 0x00007f3f33412000, 0x00007f3f35f92000)
 total_blobs=1365 nmethods=710 adapters=616 free_code_cache=45688064 largest_free_block=27776

Dynamic libraries:
00400000-00409000 r-xp 00000000 08:02 395381                             /usr/lib/jvm/java-6-openjdk/jre/bin/java
00608000-00609000 r--p 00008000 08:02 395381                             /usr/lib/jvm/java-6-openjdk/jre/bin/java
00609000-0060a000 rw-p 00009000 08:02 395381                             /usr/lib/jvm/java-6-openjdk/jre/bin/java
00f25000-033ec000 rw-p 00000000 00:00 0                                  [heap]
b8a00000-bb810000 rw-p 00000000 00:00 0 
bb810000-c3000000 rw-p 00000000 00:00 0 
c3000000-c58a0000 rw-p 00000000 00:00 0 
c58a0000-ebab0000 rw-p 00000000 00:00 0 
ebab0000-eeb00000 rw-p 00000000 00:00 0 
eeb00000-ef340000 ---p 00000000 00:00 0 
ef340000-100000000 rw-p 00000000 00:00 0 
7f3f24000000-7f3f244ee000 rw-p 00000000 00:00 0 
7f3f244ee000-7f3f28000000 ---p 00000000 00:00 0 
7f3f2b6f7000-7f3f2b6fa000 ---p 00000000 00:00 0 
7f3f2b6fa000-7f3f2b7f8000 rw-p 00000000 00:00 0 
7f3f2b7f8000-7f3f2b7fb000 ---p 00000000 00:00 0 
7f3f2b7fb000-7f3f2b8f9000 rw-p 00000000 00:00 0 
7f3f2b8f9000-7f3f2b8fc000 ---p 00000000 00:00 0 
7f3f2b8fc000-7f3f2b9fa000 rw-p 00000000 00:00 0 
7f3f2b9fa000-7f3f2b9fd000 ---p 00000000 00:00 0 
7f3f2b9fd000-7f3f2bafb000 rw-p 00000000 00:00 0 
7f3f2bafb000-7f3f2bafe000 ---p 00000000 00:00 0 
7f3f2bafe000-7f3f2bbfc000 rw-p 00000000 00:00 0 
7f3f2bbfc000-7f3f2bbff000 ---p 00000000 00:00 0 
7f3f2bbff000-7f3f2bcfd000 rw-p 00000000 00:00 0 
7f3f2bcfd000-7f3f2bd00000 ---p 00000000 00:00 0 
7f3f2bd00000-7f3f2bdfe000 rw-p 00000000 00:00 0 
7f3f2bdfe000-7f3f2be01000 ---p 00000000 00:00 0 
7f3f2be01000-7f3f2beff000 rw-p 00000000 00:00 0 
7f3f2beff000-7f3f2bf02000 ---p 00000000 00:00 0 
7f3f2bf02000-7f3f2c000000 rw-p 00000000 00:00 0 
7f3f2c000000-7f3f2f121000 rw-p 00000000 00:00 0 
7f3f2f121000-7f3f30000000 ---p 00000000 00:00 0 
7f3f300a6000-7f3f300a9000 r--s 00031000 08:02 412924                     /usr/lib/jvm/java-6-openjdk/jre/lib/ext/sunjce_provider.jar
7f3f300a9000-7f3f300af000 r-xp 00000000 08:02 412944                     /usr/lib/jvm/java-6-openjdk/jre/lib/amd64/libmanagement.so
7f3f300af000-7f3f302ae000 ---p 00006000 08:02 412944                     /usr/lib/jvm/java-6-openjdk/jre/lib/amd64/libmanagement.so
7f3f302ae000-7f3f302af000 r--p 00005000 08:02 412944                     /usr/lib/jvm/java-6-openjdk/jre/lib/amd64/libmanagement.so
7f3f302af000-7f3f302b0000 rw-p 00006000 08:02 412944                     /usr/lib/jvm/java-6-openjdk/jre/lib/amd64/libmanagement.so
7f3f302b0000-7f3f302b3000 ---p 00000000 00:00 0 
7f3f302b3000-7f3f303b1000 rw-p 00000000 00:00 0 
7f3f303b1000-7f3f303b4000 ---p 00000000 00:00 0 
7f3f303b4000-7f3f304b2000 rw-p 00000000 00:00 0 
7f3f304b2000-7f3f304b5000 ---p 00000000 00:00 0 
7f3f304b5000-7f3f305b3000 rw-p 00000000 00:00 0 
7f3f305b3000-7f3f305b6000 ---p 00000000 00:00 0 
7f3f305b6000-7f3f306b4000 rw-p 00000000 00:00 0 
7f3f306b4000-7f3f306bc000 r-xp 00000000 08:02 395389                     /usr/lib/jvm/java-6-openjdk/jre/lib/amd64/libnio.so
7f3f306bc000-7f3f308bb000 ---p 00008000 08:02 395389                     /usr/lib/jvm/java-6-openjdk/jre/lib/amd64/libnio.so
7f3f308bb000-7f3f308bc000 r--p 00007000 08:02 395389                     /usr/lib/jvm/java-6-openjdk/jre/lib/amd64/libnio.so
7f3f308bc000-7f3f308bd000 rw-p 00008000 08:02 395389                     /usr/lib/jvm/java-6-openjdk/jre/lib/amd64/libnio.so
7f3f308bd000-7f3f308d2000 r-xp 00000000 08:02 395397                     /usr/lib/jvm/java-6-openjdk/jre/lib/amd64/libnet.so
7f3f308d2000-7f3f30ad1000 ---p 00015000 08:02 395397                     /usr/lib/jvm/java-6-openjdk/jre/lib/amd64/libnet.so
7f3f30ad1000-7f3f30ad2000 r--p 00014000 08:02 395397                     /usr/lib/jvm/java-6-openjdk/jre/lib/amd64/libnet.so
7f3f30ad2000-7f3f30ad3000 rw-p 00015000 08:02 395397                     /usr/lib/jvm/java-6-openjdk/jre/lib/amd64/libnet.so
7f3f30ad3000-7f3f30ae2000 r--s 000d9000 08:02 934716                     /usr/local/play-1.2.4/framework/lib/ivy-2.2.0.jar
7f3f30ae2000-7f3f30ae8000 r--s 00040000 08:02 934750                     /usr/local/play-1.2.4/framework/lib/memcached-2.6.jar
7f3f30ae8000-7f3f30aed000 r--s 0002e000 08:02 934658                     /usr/local/play-1.2.4/framework/lib/asm-all-3.3.1.jar
7f3f30aed000-7f3f30aef000 r--s 00002000 08:02 934740                     /usr/local/play-1.2.4/framework/lib/jta-1.1.jar
7f3f30aef000-7f3f30b14000 r--s 00172000 08:02 934662                     /usr/local/play-1.2.4/framework/lib/bcprov-jdk15-1.45.jar
7f3f30b14000-7f3f30b1b000 r--s 0004d000 08:02 934660                     /usr/local/play-1.2.4/framework/lib/async-http-client-1.6.5.jar
7f3f30b1b000-7f3f30b20000 r--s 00041000 08:02 934682                     /usr/local/play-1.2.4/framework/lib/commons-lang-2.6.jar
7f3f30b20000-7f3f30b21000 r--s 00002000 08:02 934766                     /usr/local/play-1.2.4/framework/lib/slf4j-log4j12-1.6.1.jar
7f3f30b21000-7f3f30b24000 r--s 00011000 08:02 934690                     /usr/local/play-1.2.4/framework/lib/ezmorph-1.0.3.jar
7f3f30b24000-7f3f30b26000 r--s 00015000 08:02 934736                     /usr/local/play-1.2.4/framework/lib/jregex-1.2_01.jar
7f3f30b26000-7f3f30b28000 r--s 0000e000 08:02 934680                     /usr/local/play-1.2.4/framework/lib/commons-javaflow-1066591.jar
7f3f30b28000-7f3f30b2a000 r--s 00015000 08:02 934728                     /usr/local/play-1.2.4/framework/lib/jj-simplecaptcha.jar
7f3f30b2a000-7f3f30b35000 r--s 0005a000 08:02 934770                     /usr/local/play-1.2.4/framework/lib/xstream-1.3.jar
7f3f30b35000-7f3f30b3b000 r--s 00032000 08:02 934724                     /usr/local/play-1.2.4/framework/lib/jaxen-1.1.jar
7f3f30b3b000-7f3f30b3e000 r--s 00024000 08:02 934678                     /usr/local/play-1.2.4/framework/lib/commons-io-2.0.1.jar
7f3f30b3e000-7f3f30b40000 r--s 00005000 08:02 934764                     /usr/local/play-1.2.4/framework/lib/slf4j-api-1.6.1.jar
7f3f30b40000-7f3f30b45000 r--s 00034000 08:02 934668                     /usr/local/play-1.2.4/framework/lib/commons-beanutils-1.8.3.jar
7f3f30b45000-7f3f30b48000 r--s 00022000 08:02 934718                     /usr/local/play-1.2.4/framework/lib/jamon-2.7.jar
7f3f30b48000-7f3f30b4e000 r--s 00049000 08:02 934666                     /usr/local/play-1.2.4/framework/lib/cglib-nodep-2.2.jar
7f3f30b4e000-7f3f30b52000 r--s 00027000 08:02 934696                     /usr/local/play-1.2.4/framework/lib/gson-1.7.1.jar
7f3f30b52000-7f3f30b7c000 r--s 00427000 08:02 934756                     /usr/local/play-1.2.4/framework/lib/org.eclipse.jdt.core-3.8.0.v_C03.jar
7f3f30b7c000-7f3f30b8c000 r--s 000b2000 08:02 934754                     /usr/local/play-1.2.4/framework/lib/netty-3.2.5.Final.jar
7f3f30b8c000-7f3f30b8e000 r--s 00008000 08:02 934762                     /usr/local/play-1.2.4/framework/lib/signpost-core-1.2.jar
7f3f30b8e000-7f3f30b99000 r--s 00124000 08:02 934698                     /usr/local/play-1.2.4/framework/lib/h2-1.3.149.jar
7f3f30b99000-7f3f30b9f000 r--s 00067000 08:02 934656                     /usr/local/play-1.2.4/framework/lib/antlr-2.7.6.jar
7f3f30b9f000-7f3f30ba8000 r--s 0006d000 08:02 934746                     /usr/local/play-1.2.4/framework/lib/log4j-1.2.16.jar
7f3f30ba8000-7f3f30bb2000 r--s 0006f000 08:02 934688                     /usr/local/play-1.2.4/framework/lib/ehcache-core-2.0.0.jar
7f3f30bb2000-7f3f30bb4000 r--s 0000d000 08:02 934684                     /usr/local/play-1.2.4/framework/lib/commons-logging-1.1.1.jar
7f3f30bb4000-7f3f30c08000 r--s 00520000 08:02 934694                     /usr/local/play-1.2.4/framework/lib/groovy-all-1.7.10.jar
7f3f30c08000-7f3f30c0f000 r--s 0006a000 08:02 934748                     /usr/local/play-1.2.4/framework/lib/mail-1.4.3.jar
7f3f30c0f000-7f3f30c41000 r--s 002c7000 08:02 934706                     /usr/local/play-1.2.4/framework/lib/hibernate-core-3.6.1.Final.jar
7f3f30c41000-7f3f30c4c000 r--s 0008b000 08:02 934664                     /usr/local/play-1.2.4/framework/lib/c3p0-0.9.1.2.jar
7f3f30c4c000-7f3f30c4f000 r--s 0000f000 08:02 934692                     /usr/local/play-1.2.4/framework/lib/geronimo-servlet_2.5_spec-1.2.jar
7f3f30c4f000-7f3f30c55000 r--s 00034000 08:02 934742                     /usr/local/play-1.2.4/framework/lib/junit-4.8.1.jar
7f3f30c55000-7f3f30c5a000 r--s 00014000 08:02 934714                     /usr/local/play-1.2.4/framework/lib/hibernate-jpa-2.0-api-1.0.0.Final.jar
7f3f30c5a000-7f3f30c5f000 r--s 00048000 08:02 934686                     /usr/local/play-1.2.4/framework/lib/dom4j-1.6.1.jar
7f3f30c5f000-7f3f30c66000 r--s 000b7000 08:02 934752                     /usr/local/play-1.2.4/framework/lib/mysql-connector-java-5.1.13.jar
7f3f30c66000-7f3f30c6e000 r--s 0008a000 08:02 934720                     /usr/local/play-1.2.4/framework/lib/javassist-3.9.0.GA.jar
7f3f30c6e000-7f3f30c71000 r--s 0000f000 08:02 934702                     /usr/local/play-1.2.4/framework/lib/hibernate-commons-annotations-3.2.0.Final.jar
7f3f30c71000-7f3f30c77000 r--s 0007e000 08:02 934760                     /usr/local/play-1.2.4/framework/lib/postgresql-9.0.jar
7f3f30c77000-7f3f30c79000 r--s 0000c000 08:02 934654                     /usr/local/play-1.2.4/framework/lib/activation-1.1.1.jar
7f3f30c79000-7f3f30c7a000 r--s 00007000 08:02 934674                     /usr/local/play-1.2.4/framework/lib/commons-email-1.2.jar
7f3f30c7a000-7f3f30c7f000 r--s 00020000 08:02 934726                     /usr/local/play-1.2.4/framework/lib/jj-imaging.jar
7f3f30c7f000-7f3f30c86000 r--s 00049000 08:02 934758                     /usr/local/play-1.2.4/framework/lib/oval-1.50.jar
7f3f30c86000-7f3f30c8f000 r--s 0005d000 08:02 934710                     /usr/local/play-1.2.4/framework/lib/hibernate-entitymanager-3.6.0.Final.jar
7f3f30c8f000-7f3f30c91000 r--s 0000d000 08:02 934676                     /usr/local/play-1.2.4/framework/lib/commons-fileupload-1.2.2.jar
7f3f30c91000-7f3f30c93000 r--s 00001000 08:02 934738                     /usr/local/play-1.2.4/framework/lib/jsr107cache-1.0.jar
7f3f30c93000-7f3f30c95000 r--s 0000b000 08:02 934730                     /usr/local/play-1.2.4/framework/lib/jj-textile.jar
7f3f30c95000-7f3f30ca4000 r--s 0007c000 08:02 934734                     /usr/local/play-1.2.4/framework/lib/joda-time-2.0.jar
7f3f30ca4000-7f3f30caa000 r--s 00038000 08:02 934768                     /usr/local/play-1.2.4/framework/lib/snakeyaml-1.7.jar
7f3f30caa000-7f3f30cb1000 r--s 00038000 08:02 934732                     /usr/local/play-1.2.4/framework/lib/jj-wikitext.jar
7f3f30cb1000-7f3f30cb2000 ---p 00000000 00:00 0 
7f3f30cb2000-7f3f30db2000 rw-p 00000000 00:00 0 
7f3f30db2000-7f3f30db5000 ---p 00000000 00:00 0 
7f3f30db5000-7f3f30eb3000 rw-p 00000000 00:00 0 
7f3f30eb3000-7f3f30eb6000 ---p 00000000 00:00 0 
7f3f30eb6000-7f3f30fb4000 rw-p 00000000 00:00 0 
7f3f30fb4000-7f3f30fb7000 ---p 00000000 00:00 0 
7f3f30fb7000-7f3f310b5000 rw-p 00000000 00:00 0 
7f3f310b5000-7f3f310b8000 ---p 00000000 00:00 0 
7f3f310b8000-7f3f311b6000 rw-p 00000000 00:00 0 
7f3f311b6000-7f3f311b9000 ---p 00000000 00:00 0 
7f3f311b9000-7f3f312b7000 rw-p 00000000 00:00 0 
7f3f312b7000-7f3f312bb000 r-xp 00000000 08:02 395388                     /usr/lib/jvm/java-6-openjdk/jre/lib/amd64/libdt_socket.so
7f3f312bb000-7f3f314ba000 ---p 00004000 08:02 395388                     /usr/lib/jvm/java-6-openjdk/jre/lib/amd64/libdt_socket.so
7f3f314ba000-7f3f314bb000 r--p 00003000 08:02 395388                     /usr/lib/jvm/java-6-openjdk/jre/lib/amd64/libdt_socket.so
7f3f314bb000-7f3f314bc000 rw-p 00004000 08:02 395388                     /usr/lib/jvm/java-6-openjdk/jre/lib/amd64/libdt_socket.so
7f3f314bc000-7f3f314bf000 ---p 00000000 00:00 0 
7f3f314bf000-7f3f315bd000 rw-p 00000000 00:00 0 
7f3f315bd000-7f3f315c0000 ---p 00000000 00:00 0 
7f3f315c0000-7f3f316be000 rw-p 00000000 00:00 0 
7f3f316be000-7f3f316c1000 ---p 00000000 00:00 0 
7f3f316c1000-7f3f317bf000 rw-p 00000000 00:00 0 
7f3f317bf000-7f3f317c0000 ---p 00000000 00:00 0 
7f3f317c0000-7f3f321fc000 rw-p 00000000 00:00 0 
7f3f321fc000-7f3f3238d000 r--s 037b8000 08:02 412947                     /usr/lib/jvm/java-6-openjdk/jre/lib/rt.jar
7f3f3238d000-7f3f323b5000 rw-p 00000000 00:00 0 
7f3f323b5000-7f3f323b6000 ---p 00000000 00:00 0 
7f3f323b6000-7f3f324b6000 rw-p 00000000 00:00 0 
7f3f324b6000-7f3f324b7000 ---p 00000000 00:00 0 
7f3f324b7000-7f3f325b7000 rw-p 00000000 00:00 0 
7f3f325b7000-7f3f325b8000 ---p 00000000 00:00 0 
7f3f325b8000-7f3f326b8000 rw-p 00000000 00:00 0 
7f3f326b8000-7f3f326b9000 ---p 00000000 00:00 0 
7f3f326b9000-7f3f327b9000 rw-p 00000000 00:00 0 
7f3f327b9000-7f3f327ba000 ---p 00000000 00:00 0 
7f3f327ba000-7f3f328ba000 rw-p 00000000 00:00 0 
7f3f328ba000-7f3f328bb000 ---p 00000000 00:00 0 
7f3f328bb000-7f3f329bb000 rw-p 00000000 00:00 0 
7f3f329bb000-7f3f329bc000 ---p 00000000 00:00 0 
7f3f329bc000-7f3f32abc000 rw-p 00000000 00:00 0 
7f3f32abc000-7f3f32abd000 ---p 00000000 00:00 0 
7f3f32abd000-7f3f32bd5000 rw-p 00000000 00:00 0 
7f3f32bd5000-7f3f32c10000 rw-p 00000000 00:00 0 
7f3f32c10000-7f3f32c25000 rw-p 00000000 00:00 0 
7f3f32c25000-7f3f32d56000 rw-p 00000000 00:00 0 
7f3f32d56000-7f3f32d6e000 rw-p 00000000 00:00 0 
7f3f32d6e000-7f3f32da9000 rw-p 00000000 00:00 0 
7f3f32da9000-7f3f32dbe000 rw-p 00000000 00:00 0 
7f3f32dbe000-7f3f32eee000 rw-p 00000000 00:00 0 
7f3f32eee000-7f3f32f07000 rw-p 00000000 00:00 0 
7f3f32f07000-7f3f32f0b000 ---p 00000000 00:00 0 
7f3f32f0b000-7f3f32f91000 rw-p 00000000 00:00 0 
7f3f32f91000-7f3f32f92000 rw-p 00000000 00:00 0 
7f3f32f92000-7f3f33412000 rwxp 00000000 00:00 0 
7f3f33412000-7f3f35f92000 rw-p 00000000 00:00 0 
7f3f35f92000-7f3f35f99000 r-xp 00000000 08:02 395413                     /usr/lib/jvm/java-6-openjdk/jre/lib/amd64/libzip.so
7f3f35f99000-7f3f36198000 ---p 00007000 08:02 395413                     /usr/lib/jvm/java-6-openjdk/jre/lib/amd64/libzip.so
7f3f36198000-7f3f36199000 r--p 00006000 08:02 395413                     /usr/lib/jvm/java-6-openjdk/jre/lib/amd64/libzip.so
7f3f36199000-7f3f3619a000 rw-p 00007000 08:02 395413                     /usr/lib/jvm/java-6-openjdk/jre/lib/amd64/libzip.so
7f3f3619a000-7f3f361a6000 r-xp 00000000 08:02 265747                     /lib/x86_64-linux-gnu/libnss_files-2.13.so
7f3f361a6000-7f3f363a5000 ---p 0000c000 08:02 265747                     /lib/x86_64-linux-gnu/libnss_files-2.13.so
7f3f363a5000-7f3f363a6000 r--p 0000b000 08:02 265747                     /lib/x86_64-linux-gnu/libnss_files-2.13.so
7f3f363a6000-7f3f363a7000 rw-p 0000c000 08:02 265747                     /lib/x86_64-linux-gnu/libnss_files-2.13.so
7f3f363a7000-7f3f363b1000 r-xp 00000000 08:02 265751                     /lib/x86_64-linux-gnu/libnss_nis-2.13.so
7f3f363b1000-7f3f365b1000 ---p 0000a000 08:02 265751                     /lib/x86_64-linux-gnu/libnss_nis-2.13.so
7f3f365b1000-7f3f365b2000 r--p 0000a000 08:02 265751                     /lib/x86_64-linux-gnu/libnss_nis-2.13.so
7f3f365b2000-7f3f365b3000 rw-p 0000b000 08:02 265751                     /lib/x86_64-linux-gnu/libnss_nis-2.13.so
7f3f365b3000-7f3f365ca000 r-xp 00000000 08:02 265741                     /lib/x86_64-linux-gnu/libnsl-2.13.so
7f3f365ca000-7f3f367c9000 ---p 00017000 08:02 265741                     /lib/x86_64-linux-gnu/libnsl-2.13.so
7f3f367c9000-7f3f367ca000 r--p 00016000 08:02 265741                     /lib/x86_64-linux-gnu/libnsl-2.13.so
7f3f367ca000-7f3f367cb000 rw-p 00017000 08:02 265741                     /lib/x86_64-linux-gnu/libnsl-2.13.so
7f3f367cb000-7f3f367cd000 rw-p 00000000 00:00 0 
7f3f367cd000-7f3f367d5000 r-xp 00000000 08:02 265743                     /lib/x86_64-linux-gnu/libnss_compat-2.13.so
7f3f367d5000-7f3f369d4000 ---p 00008000 08:02 265743                     /lib/x86_64-linux-gnu/libnss_compat-2.13.so
7f3f369d4000-7f3f369d5000 r--p 00007000 08:02 265743                     /lib/x86_64-linux-gnu/libnss_compat-2.13.so
7f3f369d5000-7f3f369d6000 rw-p 00008000 08:02 265743                     /lib/x86_64-linux-gnu/libnss_compat-2.13.so
7f3f369d6000-7f3f370ba000 r--p 00000000 08:02 398755                     /usr/lib/locale/locale-archive
7f3f370ba000-7f3f370bd000 r-xp 00000000 08:02 395403                     /usr/lib/jvm/java-6-openjdk/jre/lib/amd64/libnpt.so
7f3f370bd000-7f3f372bc000 ---p 00003000 08:02 395403                     /usr/lib/jvm/java-6-openjdk/jre/lib/amd64/libnpt.so
7f3f372bc000-7f3f372bd000 r--p 00002000 08:02 395403                     /usr/lib/jvm/java-6-openjdk/jre/lib/amd64/libnpt.so
7f3f372bd000-7f3f372be000 rw-p 00003000 08:02 395403                     /usr/lib/jvm/java-6-openjdk/jre/lib/amd64/libnpt.so
7f3f372be000-7f3f372c7000 r-xp 00000000 08:02 395408                     /usr/lib/jvm/java-6-openjdk/jre/lib/amd64/libinstrument.so
7f3f372c7000-7f3f374c7000 ---p 00009000 08:02 395408                     /usr/lib/jvm/java-6-openjdk/jre/lib/amd64/libinstrument.so
7f3f374c7000-7f3f374c8000 r--p 00009000 08:02 395408                     /usr/lib/jvm/java-6-openjdk/jre/lib/amd64/libinstrument.so
7f3f374c8000-7f3f374c9000 rw-p 0000a000 08:02 395408                     /usr/lib/jvm/java-6-openjdk/jre/lib/amd64/libinstrument.so
7f3f374c9000-7f3f37503000 r-xp 00000000 08:02 395402                     /usr/lib/jvm/java-6-openjdk/jre/lib/amd64/libjdwp.so
7f3f37503000-7f3f37702000 ---p 0003a000 08:02 395402                     /usr/lib/jvm/java-6-openjdk/jre/lib/amd64/libjdwp.so
7f3f37702000-7f3f37703000 r--p 00039000 08:02 395402                     /usr/lib/jvm/java-6-openjdk/jre/lib/amd64/libjdwp.so
7f3f37703000-7f3f37704000 rw-p 0003a000 08:02 395402                     /usr/lib/jvm/java-6-openjdk/jre/lib/amd64/libjdwp.so
7f3f37704000-7f3f37730000 r-xp 00000000 08:02 395412                     /usr/lib/jvm/java-6-openjdk/jre/lib/amd64/libjava.so
7f3f37730000-7f3f3792f000 ---p 0002c000 08:02 395412                     /usr/lib/jvm/java-6-openjdk/jre/lib/amd64/libjava.so
7f3f3792f000-7f3f37930000 r--p 0002b000 08:02 395412                     /usr/lib/jvm/java-6-openjdk/jre/lib/amd64/libjava.so
7f3f37930000-7f3f37933000 rw-p 0002c000 08:02 395412                     /usr/lib/jvm/java-6-openjdk/jre/lib/amd64/libjava.so
7f3f37933000-7f3f37941000 r-xp 00000000 08:02 395396                     /usr/lib/jvm/java-6-openjdk/jre/lib/amd64/libverify.so
7f3f37941000-7f3f37b40000 ---p 0000e000 08:02 395396                     /usr/lib/jvm/java-6-openjdk/jre/lib/amd64/libverify.so
7f3f37b40000-7f3f37b42000 r--p 0000d000 08:02 395396                     /usr/lib/jvm/java-6-openjdk/jre/lib/amd64/libverify.so
7f3f37b42000-7f3f37b43000 rw-p 0000f000 08:02 395396                     /usr/lib/jvm/java-6-openjdk/jre/lib/amd64/libverify.so
7f3f37b43000-7f3f37b4a000 r-xp 00000000 08:02 265770                     /lib/x86_64-linux-gnu/librt-2.13.so
7f3f37b4a000-7f3f37d49000 ---p 00007000 08:02 265770                     /lib/x86_64-linux-gnu/librt-2.13.so
7f3f37d49000-7f3f37d4a000 r--p 00006000 08:02 265770                     /lib/x86_64-linux-gnu/librt-2.13.so
7f3f37d4a000-7f3f37d4b000 rw-p 00007000 08:02 265770                     /lib/x86_64-linux-gnu/librt-2.13.so
7f3f37d4b000-7f3f37d60000 r-xp 00000000 08:02 265727                     /lib/x86_64-linux-gnu/libgcc_s.so.1
7f3f37d60000-7f3f37f5f000 ---p 00015000 08:02 265727                     /lib/x86_64-linux-gnu/libgcc_s.so.1
7f3f37f5f000-7f3f37f60000 r--p 00014000 08:02 265727                     /lib/x86_64-linux-gnu/libgcc_s.so.1
7f3f37f60000-7f3f37f61000 rw-p 00015000 08:02 265727                     /lib/x86_64-linux-gnu/libgcc_s.so.1
7f3f37f61000-7f3f37fe4000 r-xp 00000000 08:02 265736                     /lib/x86_64-linux-gnu/libm-2.13.so
7f3f37fe4000-7f3f381e3000 ---p 00083000 08:02 265736                     /lib/x86_64-linux-gnu/libm-2.13.so
7f3f381e3000-7f3f381e4000 r--p 00082000 08:02 265736                     /lib/x86_64-linux-gnu/libm-2.13.so
7f3f381e4000-7f3f381e5000 rw-p 00083000 08:02 265736                     /lib/x86_64-linux-gnu/libm-2.13.so
7f3f381e5000-7f3f382cd000 r-xp 00000000 08:02 401004                     /usr/lib/x86_64-linux-gnu/libstdc++.so.6.0.16
7f3f382cd000-7f3f384cd000 ---p 000e8000 08:02 401004                     /usr/lib/x86_64-linux-gnu/libstdc++.so.6.0.16
7f3f384cd000-7f3f384d5000 r--p 000e8000 08:02 401004                     /usr/lib/x86_64-linux-gnu/libstdc++.so.6.0.16
7f3f384d5000-7f3f384d7000 rw-p 000f0000 08:02 401004                     /usr/lib/x86_64-linux-gnu/libstdc++.so.6.0.16
7f3f384d7000-7f3f384ec000 rw-p 00000000 00:00 0 
7f3f384ec000-7f3f38def000 r-xp 00000000 08:02 412936                     /usr/lib/jvm/java-6-openjdk/jre/lib/amd64/server/libjvm.so
7f3f38def000-7f3f38fee000 ---p 00903000 08:02 412936                     /usr/lib/jvm/java-6-openjdk/jre/lib/amd64/server/libjvm.so
7f3f38fee000-7f3f3906f000 r--p 00902000 08:02 412936                     /usr/lib/jvm/java-6-openjdk/jre/lib/amd64/server/libjvm.so
7f3f3906f000-7f3f3908a000 rw-p 00983000 08:02 412936                     /usr/lib/jvm/java-6-openjdk/jre/lib/amd64/server/libjvm.so
7f3f3908a000-7f3f390b3000 rw-p 00000000 00:00 0 
7f3f390b3000-7f3f390ca000 r-xp 00000000 08:02 265789                     /lib/x86_64-linux-gnu/libz.so.1.2.3.4
7f3f390ca000-7f3f392c9000 ---p 00017000 08:02 265789                     /lib/x86_64-linux-gnu/libz.so.1.2.3.4
7f3f392c9000-7f3f392ca000 r--p 00016000 08:02 265789                     /lib/x86_64-linux-gnu/libz.so.1.2.3.4
7f3f392ca000-7f3f392cb000 rw-p 00017000 08:02 265789                     /lib/x86_64-linux-gnu/libz.so.1.2.3.4
7f3f392cb000-7f3f39460000 r-xp 00000000 08:02 265706                     /lib/x86_64-linux-gnu/libc-2.13.so
7f3f39460000-7f3f3965f000 ---p 00195000 08:02 265706                     /lib/x86_64-linux-gnu/libc-2.13.so
7f3f3965f000-7f3f39663000 r--p 00194000 08:02 265706                     /lib/x86_64-linux-gnu/libc-2.13.so
7f3f39663000-7f3f39664000 rw-p 00198000 08:02 265706                     /lib/x86_64-linux-gnu/libc-2.13.so
7f3f39664000-7f3f3966a000 rw-p 00000000 00:00 0 
7f3f3966a000-7f3f3966c000 r-xp 00000000 08:02 265717                     /lib/x86_64-linux-gnu/libdl-2.13.so
7f3f3966c000-7f3f3986c000 ---p 00002000 08:02 265717                     /lib/x86_64-linux-gnu/libdl-2.13.so
7f3f3986c000-7f3f3986d000 r--p 00002000 08:02 265717                     /lib/x86_64-linux-gnu/libdl-2.13.so
7f3f3986d000-7f3f3986e000 rw-p 00003000 08:02 265717                     /lib/x86_64-linux-gnu/libdl-2.13.so
7f3f3986e000-7f3f39872000 r-xp 00000000 08:02 395394                     /usr/lib/jvm/java-6-openjdk/jre/lib/amd64/jli/libjli.so
7f3f39872000-7f3f39a71000 ---p 00004000 08:02 395394                     /usr/lib/jvm/java-6-openjdk/jre/lib/amd64/jli/libjli.so
7f3f39a71000-7f3f39a72000 r--p 00003000 08:02 395394                     /usr/lib/jvm/java-6-openjdk/jre/lib/amd64/jli/libjli.so
7f3f39a72000-7f3f39a73000 rw-p 00004000 08:02 395394                     /usr/lib/jvm/java-6-openjdk/jre/lib/amd64/jli/libjli.so
7f3f39a73000-7f3f39a8b000 r-xp 00000000 08:02 265766                     /lib/x86_64-linux-gnu/libpthread-2.13.so
7f3f39a8b000-7f3f39c8a000 ---p 00018000 08:02 265766                     /lib/x86_64-linux-gnu/libpthread-2.13.so
7f3f39c8a000-7f3f39c8b000 r--p 00017000 08:02 265766                     /lib/x86_64-linux-gnu/libpthread-2.13.so
7f3f39c8b000-7f3f39c8c000 rw-p 00018000 08:02 265766                     /lib/x86_64-linux-gnu/libpthread-2.13.so
7f3f39c8c000-7f3f39c90000 rw-p 00000000 00:00 0 
7f3f39c90000-7f3f39cb1000 r-xp 00000000 08:02 265693                     /lib/x86_64-linux-gnu/ld-2.13.so
7f3f39cb1000-7f3f39cb3000 r--s 00013000 08:02 395416                     /usr/lib/jvm/java-6-openjdk/jre/lib/jce.jar
7f3f39cb3000-7f3f39cb4000 r--s 00000000 08:02 934722                     /usr/local/play-1.2.4/framework/lib/javax.inject-1.0.jar
7f3f39cb4000-7f3f39cc2000 r--s 0007f000 08:02 934672                     /usr/local/play-1.2.4/framework/lib/commons-collections-3.2.1.jar
7f3f39cc2000-7f3f39cc4000 r--s 0000d000 08:02 934670                     /usr/local/play-1.2.4/framework/lib/commons-codec-1.4.jar
7f3f39cc4000-7f3f39cc7000 r--s 0007d000 08:02 395415                     /usr/lib/jvm/java-6-openjdk/jre/lib/jsse.jar
7f3f39cc7000-7f3f39cd3000 r--s 000c2000 08:02 934780                     /usr/local/play-1.2.4/framework/play-1.2.4.jar
7f3f39cd3000-7f3f39ce6000 rw-p 00000000 00:00 0 
7f3f39ce6000-7f3f39d93000 rw-p 00000000 00:00 0 
7f3f39d93000-7f3f39d96000 ---p 00000000 00:00 0 
7f3f39d96000-7f3f39e9a000 rw-p 00000000 00:00 0 
7f3f39e9a000-7f3f39ea2000 r--s 00066000 08:02 800601                     /usr/share/java/gnome-java-bridge.jar
7f3f39ea2000-7f3f39ea4000 r--s 0000f000 08:02 412927                     /usr/lib/jvm/java-6-openjdk/jre/lib/ext/pulse-java.jar
7f3f39ea4000-7f3f39eac000 rw-s 00000000 08:02 1571849                    /tmp/hsperfdata_gparker/6150
7f3f39eac000-7f3f39ead000 rw-p 00000000 00:00 0 
7f3f39ead000-7f3f39eae000 r--p 00000000 00:00 0 
7f3f39eae000-7f3f39eb0000 rw-p 00000000 00:00 0 
7f3f39eb0000-7f3f39eb1000 r--p 00020000 08:02 265693                     /lib/x86_64-linux-gnu/ld-2.13.so
7f3f39eb1000-7f3f39eb3000 rw-p 00021000 08:02 265693                     /lib/x86_64-linux-gnu/ld-2.13.so
7fffd595c000-7fffd597e000 rw-p 00000000 00:00 0                          [stack]
7fffd59ff000-7fffd5a00000 r-xp 00000000 00:00 0                          [vdso]
ffffffffff600000-ffffffffff601000 r-xp 00000000 00:00 0                  [vsyscall]

VM Arguments:
jvm_args: -javaagent:/usr/local/play-1.2.4/framework/play-1.2.4.jar -XX:-UseSplitVerifier -Dfile.encoding=utf-8 -Xdebug -Xrunjdwp:transport=dt_socket,address=8000,server=y,suspend=n -Dplay.debug=yes -Dapplication.path=/home/gparker/classes/378/yabe -Dplay.id= 
java_command: play.server.Server 
Launcher Type: SUN_STANDARD

Environment Variables:
JAVA_HOME=/usr/lib/jvm/java-1.6.0-openjdk
CLASSPATH=:/usr/local/junit-4.8.1.jar
PATH=/usr/local/nvm/v0.6.10/bin:/usr/lib/lightdm/lightdm:/usr/local/sbin:/usr/local/bin:/usr/sbin:/usr/bin:/sbin:/bin:/usr/games:/home/gparker/scripts/:/usr/local/mysql/bin:/usr/local/google_appengine:/usr/local/node/bin:/usr/local/play-1.2.4
USERNAME=gparker
LD_LIBRARY_PATH=/usr/lib/jvm/java-6-openjdk/jre/lib/amd64/server:/usr/lib/jvm/java-6-openjdk/jre/lib/amd64:/usr/lib/jvm/java-6-openjdk/jre/../lib/amd64
SHELL=/bin/bash
DISPLAY=:0.0

Signal Handlers:
SIGSEGV: [libjvm.so+0x783e60], sa_mask[0]=0x7ffbfeff, sa_flags=0x10000004
SIGBUS: [libjvm.so+0x783e60], sa_mask[0]=0x7ffbfeff, sa_flags=0x10000004
SIGFPE: [libjvm.so+0x6485c0], sa_mask[0]=0x7ffbfeff, sa_flags=0x10000004
SIGPIPE: [libjvm.so+0x6485c0], sa_mask[0]=0x7ffbfeff, sa_flags=0x10000004
SIGXFSZ: [libjvm.so+0x6485c0], sa_mask[0]=0x7ffbfeff, sa_flags=0x10000004
SIGILL: [libjvm.so+0x6485c0], sa_mask[0]=0x7ffbfeff, sa_flags=0x10000004
SIGUSR1: SIG_DFL, sa_mask[0]=0x00000000, sa_flags=0x00000000
SIGUSR2: [libjvm.so+0x648770], sa_mask[0]=0x00000000, sa_flags=0x10000004
SIGHUP: [libjvm.so+0x64b280], sa_mask[0]=0x7ffbfeff, sa_flags=0x10000004
SIGINT: [libjvm.so+0x64b280], sa_mask[0]=0x7ffbfeff, sa_flags=0x10000004
SIGTERM: [libjvm.so+0x64b280], sa_mask[0]=0x7ffbfeff, sa_flags=0x10000004
SIGQUIT: [libjvm.so+0x64b280], sa_mask[0]=0x7ffbfeff, sa_flags=0x10000004


---------------  S Y S T E M  ---------------

OS:Ubuntu 11.10 (oneiric)
uname:Linux 3.0.0-15-generic #26-Ubuntu SMP Fri Jan 20 17:23:00 UTC 2012 x86_64
libc:glibc 2.13 NPTL 2.13 
rlimit: STACK 8192k, CORE 0k, NPROC 31003, NOFILE 4096, AS infinity
load average:0.11 0.06 0.05

/proc/meminfo:
MemTotal:        3992040 kB
MemFree:         1066892 kB
Buffers:          166088 kB
Cached:           959536 kB
SwapCached:            0 kB
Active:          1911764 kB
Inactive:         729464 kB
Active(anon):    1517160 kB
Inactive(anon):     4432 kB
Active(file):     394604 kB
Inactive(file):   725032 kB
Unevictable:           0 kB
Mlocked:               0 kB
SwapTotal:       4881404 kB
SwapFree:        4881404 kB
Dirty:               268 kB
Writeback:             0 kB
AnonPages:       1515664 kB
Mapped:           159516 kB
Shmem:              5996 kB
Slab:             121404 kB
SReclaimable:      85564 kB
SUnreclaim:        35840 kB
KernelStack:        3696 kB
PageTables:        32916 kB
NFS_Unstable:          0 kB
Bounce:                0 kB
WritebackTmp:          0 kB
CommitLimit:     6877424 kB
Committed_AS:    3752140 kB
VmallocTotal:   34359738367 kB
VmallocUsed:      150340 kB
VmallocChunk:   34359584252 kB
HardwareCorrupted:     0 kB
AnonHugePages:         0 kB
HugePages_Total:       0
HugePages_Free:        0
HugePages_Rsvd:        0
HugePages_Surp:        0
Hugepagesize:       2048 kB
DirectMap4k:      157696 kB
DirectMap2M:     3971072 kB


CPU:total 8 (4 cores per cpu, 2 threads per core) family 6 model 30 stepping 5, cmov, cx8, fxsr, mmx, sse, sse2, sse3, ssse3, sse4.1, sse4.2, popcnt, ht

Memory: 4k page, physical 3992040k(1066892k free), swap 4881404k(4881404k free)

vm_info: OpenJDK 64-Bit Server VM (20.0-b11) for linux-amd64 JRE (1.6.0_23-b23), built on Jan 20 2012 00:38:33 by "buildd" with gcc 4.6.1

time: Sat Feb 11 19:34:15 2012
elapsed time: 637 seconds

