#
# A fatal error has been detected by the Java Runtime Environment:
#
#  SIGSEGV (0xb) at pc=0x00007f51026da94e, pid=6425, tid=139985781942016
#
# JRE version: 6.0_23-b23
# Java VM: OpenJDK 64-Bit Server VM (20.0-b11 mixed mode linux-amd64 compressed oops)
# Derivative: IcedTea6 1.11pre
# Distribution: Ubuntu 11.10, package 6b23~pre11-0ubuntu1.11.10.1
# Problematic frame:
# V  [libjvm.so+0x5bc94e]  PhaseIdealLoop::build_loop_late_post(Node*)+0x14e
#
# If you would like to submit a bug report, please include
# instructions how to reproduce the bug and visit:
#   https://bugs.launchpad.net/ubuntu/+source/openjdk-6/
#

---------------  T H R E A D  ---------------

Current thread (0x0000000001ba2000):  JavaThread "C2 CompilerThread0" daemon [_thread_in_native, id=6441, stack(0x00007f50fabe6000,0x00007f50face7000)]

siginfo:si_signo=SIGSEGV: si_errno=0, si_code=1 (SEGV_MAPERR), si_addr=0x0000000000000008

Registers:
RAX=0x0000000000000000, RBX=0x00007f50face37b0, RCX=0x00007f50f4172510, RDX=0x0000000000002000
RSP=0x00007f50face1ff0, RBP=0x00007f50face2030, RSI=0x00007f50f4b32340, RDI=0x0000000000000000
R8 =0x00007f50f42df730, R9 =0x00007f50face37b0, R10=0x00007f50f4b32340, R11=0x0000000000000000
R12=0x00007f50f40fe310, R13=0x00007f50f6476618, R14=0x00007f50face37d0, R15=0x00007f50f45461d8
RIP=0x00007f51026da94e, EFLAGS=0x0000000000010202, CSGSFS=0x0000000000000033, ERR=0x0000000000000004
  TRAPNO=0x000000000000000e

Top of Stack: (sp=0x00007f50face1ff0)
0x00007f50face1ff0:   00007f50f42d7e30 00007f50face22d0
0x00007f50face2000:   00007f50face2030 00007f50face37b0
0x00007f50face2010:   0000000000000002 00007f50f40fe310
0x00007f50face2020:   00007f50f5f3d318 00007f50face22d0
0x00007f50face2030:   00007f50face20a0 00007f51026daebb
0x00007f50face2040:   00007f50f454ca80 0000000000000100
0x00007f50face2050:   00007f5000000001 00007f50face4150
0x00007f50face2060:   00007f50face22f0 00007f50face2290
0x00007f50face2070:   0000000000001692 00007f50face37b0
0x00007f50face2080:   0000000000000002 0000000000000001
0x00007f50face2090:   0000000000000001 00007f50f454ca80
0x00007f50face20a0:   00007f50face2340 00007f51026dba82
0x00007f50face20b0:   00007f50f4967a38 00007f50f454ca10
0x00007f50face20c0:   00007f50face20d0 00007f50face37d0
0x00007f50face20d0:   00007f50face2130 00007f510250d8ce
0x00007f50face20e0:   0000000001ae7900 00007f50f44596b8
0x00007f50face20f0:   0000000000000000 000000000000000c
0x00007f50face2100:   0000000001ae7900 00007f50f44596b8
0x00007f50face2110:   00007f5102caf7e0 0000000000000004
0x00007f50face2120:   00007f50face2d58 00007f50face2d78
0x00007f50face2130:   00007f50face2160 00007f510274e814
0x00007f50face2140:   00007f50f45489c8 00007f50face2230
0x00007f50face2150:   00007f50face2160 00007f510242a402
0x00007f50face2160:   00007f50face21c0 00007f510258eea5
0x00007f50face2170:   00007f50f40cc140 00007f50f4d93420
0x00007f50face2180:   00007f50f44ff130 00000000027a308d
0x00007f50face2190:   00007f50face2d78 0000000000010040
0x00007f50face21a0:   00007f50face2390 00007f50face2390
0x00007f50face21b0:   00007f50f4d934d0 00007f50f4d93468
0x00007f50face21c0:   00007f50face22b0 00007f50f4000020
0x00007f50face21d0:   00007f50face2260 0000000000010010
0x00007f50face21e0:   00007f50f4dcf780 0000000000010000 

Instructions: (pc=0x00007f51026da94e)
0x00007f51026da92e:   4c 39 e8 0f 84 ad 03 00 00 8b 70 28 49 89 c7 0f
0x00007f51026da93e:   1f 00 4c 8b 93 e0 09 00 00 49 8d 34 f2 48 8b 06
0x00007f51026da94e:   48 8b 50 08 48 83 3a 00 75 27 8b 4b 28 0f 1f 44
0x00007f51026da95e:   00 00 8b 50 28 31 c0 39 ca 73 0c 48 8b 43 30 48 

Register to memory mapping:

RAX=0x0000000000000000 is an unknown value
RBX=0x00007f50face37b0 is pointing into the stack for thread: 0x0000000001ba2000
RCX=0x00007f50f4172510 is an unknown value
RDX=0x0000000000002000 is an unknown value
RSP=0x00007f50face1ff0 is pointing into the stack for thread: 0x0000000001ba2000
RBP=0x00007f50face2030 is pointing into the stack for thread: 0x0000000001ba2000
RSI=0x00007f50f4b32340 is an unknown value
RDI=0x0000000000000000 is an unknown value
R8 =0x00007f50f42df730 is an unknown value
R9 =0x00007f50face37b0 is pointing into the stack for thread: 0x0000000001ba2000
R10=0x00007f50f4b32340 is an unknown value
R11=0x0000000000000000 is an unknown value
R12=0x00007f50f40fe310 is an unknown value
R13=0x00007f50f6476618 is an unknown value
R14=0x00007f50face37d0 is pointing into the stack for thread: 0x0000000001ba2000
R15=0x00007f50f45461d8 is an unknown value


Stack: [0x00007f50fabe6000,0x00007f50face7000],  sp=0x00007f50face1ff0,  free space=1007k
Native frames: (J=compiled Java code, j=interpreted, Vv=VM code, C=native code)
V  [libjvm.so+0x5bc94e]  PhaseIdealLoop::build_loop_late_post(Node*)+0x14e
V  [libjvm.so+0x5bcebb]  PhaseIdealLoop::build_loop_late(VectorSet&, Node_List&, Node_Stack&)+0x10b
V  [libjvm.so+0x5bda82]  PhaseIdealLoop::build_and_optimize(bool, bool)+0x692
V  [libjvm.so+0x37bc8a]  Compile::Optimize()+0xd2a
V  [libjvm.so+0x37c9f3]  Compile::Compile(ciEnv*, C2Compiler*, ciMethod*, int, bool, bool)+0xad3
V  [libjvm.so+0x3062d0]  C2Compiler::compile_method(ciEnv*, ciMethod*, int)+0xe0
V  [libjvm.so+0x3810d3]  CompileBroker::invoke_compiler_on_method(CompileTask*)+0x2a3
V  [libjvm.so+0x381a1b]  CompileBroker::compiler_thread_loop()+0x45b
V  [libjvm.so+0x74bca8]  JavaThread::thread_main_inner()+0x58
V  [libjvm.so+0x64bc22]  java_start(Thread*)+0x112


Current CompileTask:
C2: 904008 792      jregex.Pretokenizer.next()V (1064 bytes)


---------------  P R O C E S S  ---------------

Java Threads: ( => current thread )
  0x00000000023f7800 JavaThread "New I/O server worker #1-11" [_thread_in_native, id=6765, stack(0x00007f50fa0e4000,0x00007f50fa1e5000)]
  0x0000000002a08800 JavaThread "New I/O server worker #1-10" [_thread_in_native, id=6764, stack(0x00007f50f9fe3000,0x00007f50fa0e4000)]
  0x0000000002a08000 JavaThread "New I/O server worker #1-9" [_thread_in_native, id=6763, stack(0x00007f50f9ce0000,0x00007f50f9de1000)]
  0x0000000002a07000 JavaThread "New I/O server worker #1-8" [_thread_in_native, id=6714, stack(0x00007f50f9bdf000,0x00007f50f9ce0000)]
  0x0000000001bc4800 JavaThread "New I/O server worker #1-6" [_thread_in_native, id=6711, stack(0x00007f50f9ee2000,0x00007f50f9fe3000)]
  0x0000000001bc4000 JavaThread "net.sf.ehcache.CacheManager@48d47c99" daemon [_thread_blocked, id=6710, stack(0x00007f50f99dd000,0x00007f50f9ade000)]
  0x0000000001c5d000 JavaThread "New I/O server worker #1-7" [_thread_in_native, id=6709, stack(0x00007f50f9de1000,0x00007f50f9ee2000)]
  0x00000000039e6800 JavaThread "com.mchange.v2.async.ThreadPoolAsynchronousRunner$PoolThread-#2" daemon [_thread_blocked, id=6459, stack(0x00007f50f93d2000,0x00007f50f94d3000)]
  0x00000000039d0000 JavaThread "com.mchange.v2.async.ThreadPoolAsynchronousRunner$PoolThread-#1" daemon [_thread_blocked, id=6458, stack(0x00007f50f94d3000,0x00007f50f95d4000)]
  0x0000000003d00800 JavaThread "com.mchange.v2.async.ThreadPoolAsynchronousRunner$PoolThread-#0" daemon [_thread_blocked, id=6457, stack(0x00007f50f95d4000,0x00007f50f96d5000)]
  0x0000000002a0f800 JavaThread "Timer-0" daemon [_thread_blocked, id=6456, stack(0x00007f50f96d5000,0x00007f50f97d6000)]
  0x0000000001f29800 JavaThread "play-thread-1" [_thread_in_vm, id=6454, stack(0x00007f50f9ade000,0x00007f50f9bdf000)]
  0x0000000001ac6000 JavaThread "DestroyJavaVM" [_thread_blocked, id=6426, stack(0x00007f51039c5000,0x00007f5103ac6000)]
  0x0000000001db3000 JavaThread "New I/O server boss #1 ([id: 0x49198ff2, /0:0:0:0:0:0:0:0:9000])" [_thread_in_native, id=6445, stack(0x00007f50fa1e5000,0x00007f50fa2e6000)]
  0x0000000001ba7800 JavaThread "Low Memory Detector" daemon [_thread_blocked, id=6443, stack(0x00007f50fa9e4000,0x00007f50faae5000)]
  0x0000000001ba5000 JavaThread "C2 CompilerThread1" daemon [_thread_blocked, id=6442, stack(0x00007f50faae5000,0x00007f50fabe6000)]
=>0x0000000001ba2000 JavaThread "C2 CompilerThread0" daemon [_thread_in_native, id=6441, stack(0x00007f50fabe6000,0x00007f50face7000)]
  0x0000000001b96000 JavaThread "JDWP Event Helper Thread" daemon [_thread_blocked, id=6440, stack(0x00007f50face7000,0x00007f50fade8000)]
  0x0000000001b92000 JavaThread "JDWP Transport Listener: dt_socket" daemon [_thread_in_native, id=6439, stack(0x00007f50fade8000,0x00007f50faee9000)]
  0x0000000001b55800 JavaThread "Signal Dispatcher" daemon [_thread_blocked, id=6438, stack(0x00007f50fb0ee000,0x00007f50fb1ef000)]
  0x0000000001b44000 JavaThread "Finalizer" daemon [_thread_blocked, id=6437, stack(0x00007f50fb1ef000,0x00007f50fb2f0000)]
  0x0000000001b3c800 JavaThread "Reference Handler" daemon [_thread_blocked, id=6436, stack(0x00007f50fb2f0000,0x00007f50fb3f1000)]

Other Threads:
  0x0000000001b35800 VMThread [stack: 0x00007f50fb3f1000,0x00007f50fb4f2000] [id=6435]
  0x0000000001bb2000 WatcherThread [stack: 0x00007f50fa8e3000,0x00007f50fa9e4000] [id=6444]

VM state:not at safepoint (normal execution)

VM Mutex/Monitor currently owned by a thread: None

Heap
 PSYoungGen      total 20928K, used 18107K [0x00000000ebab0000, 0x00000000ed370000, 0x0000000100000000)
  eden space 17792K, 94% used [0x00000000ebab0000,0x00000000ecb06f70,0x00000000ecc10000)
  from space 3136K, 43% used [0x00000000ed060000,0x00000000ed1b8000,0x00000000ed370000)
  to   space 3776K, 0% used [0x00000000ecc10000,0x00000000ecc10000,0x00000000ecfc0000)
 PSOldGen        total 41600K, used 18439K [0x00000000c3000000, 0x00000000c58a0000, 0x00000000ebab0000)
  object space 41600K, 44% used [0x00000000c3000000,0x00000000c4201df0,0x00000000c58a0000)
 PSPermGen       total 47744K, used 47702K [0x00000000b8a00000, 0x00000000bb8a0000, 0x00000000c3000000)
  object space 47744K, 99% used [0x00000000b8a00000,0x00000000bb895bc0,0x00000000bb8a0000)

Code Cache  [0x00007f50fcbc4000, 0x00007f50fd104000, 0x00007f50ffbc4000)
 total_blobs=1424 nmethods=772 adapters=613 free_code_cache=44942272 largest_free_block=17728

Dynamic libraries:
00400000-00409000 r-xp 00000000 08:02 395381                             /usr/lib/jvm/java-6-openjdk/jre/bin/java
00608000-00609000 r--p 00008000 08:02 395381                             /usr/lib/jvm/java-6-openjdk/jre/bin/java
00609000-0060a000 rw-p 00009000 08:02 395381                             /usr/lib/jvm/java-6-openjdk/jre/bin/java
01ab6000-04829000 rw-p 00000000 00:00 0                                  [heap]
b8a00000-bb8a0000 rw-p 00000000 00:00 0 
bb8a0000-c3000000 rw-p 00000000 00:00 0 
c3000000-c58a0000 rw-p 00000000 00:00 0 
c58a0000-ebab0000 rw-p 00000000 00:00 0 
ebab0000-ed370000 rw-p 00000000 00:00 0 
ed370000-ee1d0000 ---p 00000000 00:00 0 
ee1d0000-100000000 rw-p 00000000 00:00 0 
7f50f4000000-7f50f7ff3000 rw-p 00000000 00:00 0 
7f50f7ff3000-7f50f8000000 ---p 00000000 00:00 0 
7f50f92ce000-7f50f92d1000 r--s 00031000 08:02 412924                     /usr/lib/jvm/java-6-openjdk/jre/lib/ext/sunjce_provider.jar
7f50f92d1000-7f50f92d4000 ---p 00000000 00:00 0 
7f50f92d4000-7f50f93d2000 rw-p 00000000 00:00 0 
7f50f93d2000-7f50f93d5000 ---p 00000000 00:00 0 
7f50f93d5000-7f50f94d3000 rw-p 00000000 00:00 0 
7f50f94d3000-7f50f94d6000 ---p 00000000 00:00 0 
7f50f94d6000-7f50f95d4000 rw-p 00000000 00:00 0 
7f50f95d4000-7f50f95d7000 ---p 00000000 00:00 0 
7f50f95d7000-7f50f96d5000 rw-p 00000000 00:00 0 
7f50f96d5000-7f50f96d8000 ---p 00000000 00:00 0 
7f50f96d8000-7f50f97d6000 rw-p 00000000 00:00 0 
7f50f97d6000-7f50f97dc000 r-xp 00000000 08:02 412944                     /usr/lib/jvm/java-6-openjdk/jre/lib/amd64/libmanagement.so
7f50f97dc000-7f50f99db000 ---p 00006000 08:02 412944                     /usr/lib/jvm/java-6-openjdk/jre/lib/amd64/libmanagement.so
7f50f99db000-7f50f99dc000 r--p 00005000 08:02 412944                     /usr/lib/jvm/java-6-openjdk/jre/lib/amd64/libmanagement.so
7f50f99dc000-7f50f99dd000 rw-p 00006000 08:02 412944                     /usr/lib/jvm/java-6-openjdk/jre/lib/amd64/libmanagement.so
7f50f99dd000-7f50f99e0000 ---p 00000000 00:00 0 
7f50f99e0000-7f50f9ade000 rw-p 00000000 00:00 0 
7f50f9ade000-7f50f9ae1000 ---p 00000000 00:00 0 
7f50f9ae1000-7f50f9bdf000 rw-p 00000000 00:00 0 
7f50f9bdf000-7f50f9be2000 ---p 00000000 00:00 0 
7f50f9be2000-7f50f9ce0000 rw-p 00000000 00:00 0 
7f50f9ce0000-7f50f9ce3000 ---p 00000000 00:00 0 
7f50f9ce3000-7f50f9de1000 rw-p 00000000 00:00 0 
7f50f9de1000-7f50f9de4000 ---p 00000000 00:00 0 
7f50f9de4000-7f50f9ee2000 rw-p 00000000 00:00 0 
7f50f9ee2000-7f50f9ee5000 ---p 00000000 00:00 0 
7f50f9ee5000-7f50f9fe3000 rw-p 00000000 00:00 0 
7f50f9fe3000-7f50f9fe6000 ---p 00000000 00:00 0 
7f50f9fe6000-7f50fa0e4000 rw-p 00000000 00:00 0 
7f50fa0e4000-7f50fa0e7000 ---p 00000000 00:00 0 
7f50fa0e7000-7f50fa1e5000 rw-p 00000000 00:00 0 
7f50fa1e5000-7f50fa1e8000 ---p 00000000 00:00 0 
7f50fa1e8000-7f50fa2e6000 rw-p 00000000 00:00 0 
7f50fa2e6000-7f50fa2ee000 r-xp 00000000 08:02 395389                     /usr/lib/jvm/java-6-openjdk/jre/lib/amd64/libnio.so
7f50fa2ee000-7f50fa4ed000 ---p 00008000 08:02 395389                     /usr/lib/jvm/java-6-openjdk/jre/lib/amd64/libnio.so
7f50fa4ed000-7f50fa4ee000 r--p 00007000 08:02 395389                     /usr/lib/jvm/java-6-openjdk/jre/lib/amd64/libnio.so
7f50fa4ee000-7f50fa4ef000 rw-p 00008000 08:02 395389                     /usr/lib/jvm/java-6-openjdk/jre/lib/amd64/libnio.so
7f50fa4ef000-7f50fa504000 r-xp 00000000 08:02 395397                     /usr/lib/jvm/java-6-openjdk/jre/lib/amd64/libnet.so
7f50fa504000-7f50fa703000 ---p 00015000 08:02 395397                     /usr/lib/jvm/java-6-openjdk/jre/lib/amd64/libnet.so
7f50fa703000-7f50fa704000 r--p 00014000 08:02 395397                     /usr/lib/jvm/java-6-openjdk/jre/lib/amd64/libnet.so
7f50fa704000-7f50fa705000 rw-p 00015000 08:02 395397                     /usr/lib/jvm/java-6-openjdk/jre/lib/amd64/libnet.so
7f50fa705000-7f50fa714000 r--s 000d9000 08:02 934716                     /usr/local/play-1.2.4/framework/lib/ivy-2.2.0.jar
7f50fa714000-7f50fa71a000 r--s 00040000 08:02 934750                     /usr/local/play-1.2.4/framework/lib/memcached-2.6.jar
7f50fa71a000-7f50fa71f000 r--s 0002e000 08:02 934658                     /usr/local/play-1.2.4/framework/lib/asm-all-3.3.1.jar
7f50fa71f000-7f50fa721000 r--s 00002000 08:02 934740                     /usr/local/play-1.2.4/framework/lib/jta-1.1.jar
7f50fa721000-7f50fa746000 r--s 00172000 08:02 934662                     /usr/local/play-1.2.4/framework/lib/bcprov-jdk15-1.45.jar
7f50fa746000-7f50fa74d000 r--s 0004d000 08:02 934660                     /usr/local/play-1.2.4/framework/lib/async-http-client-1.6.5.jar
7f50fa74d000-7f50fa752000 r--s 00041000 08:02 934682                     /usr/local/play-1.2.4/framework/lib/commons-lang-2.6.jar
7f50fa752000-7f50fa753000 r--s 00002000 08:02 934766                     /usr/local/play-1.2.4/framework/lib/slf4j-log4j12-1.6.1.jar
7f50fa753000-7f50fa756000 r--s 00011000 08:02 934690                     /usr/local/play-1.2.4/framework/lib/ezmorph-1.0.3.jar
7f50fa756000-7f50fa758000 r--s 00015000 08:02 934736                     /usr/local/play-1.2.4/framework/lib/jregex-1.2_01.jar
7f50fa758000-7f50fa75a000 r--s 0000e000 08:02 934680                     /usr/local/play-1.2.4/framework/lib/commons-javaflow-1066591.jar
7f50fa75a000-7f50fa75c000 r--s 00015000 08:02 934728                     /usr/local/play-1.2.4/framework/lib/jj-simplecaptcha.jar
7f50fa75c000-7f50fa767000 r--s 0005a000 08:02 934770                     /usr/local/play-1.2.4/framework/lib/xstream-1.3.jar
7f50fa767000-7f50fa76d000 r--s 00032000 08:02 934724                     /usr/local/play-1.2.4/framework/lib/jaxen-1.1.jar
7f50fa76d000-7f50fa770000 r--s 00024000 08:02 934678                     /usr/local/play-1.2.4/framework/lib/commons-io-2.0.1.jar
7f50fa770000-7f50fa772000 r--s 00005000 08:02 934764                     /usr/local/play-1.2.4/framework/lib/slf4j-api-1.6.1.jar
7f50fa772000-7f50fa777000 r--s 00034000 08:02 934668                     /usr/local/play-1.2.4/framework/lib/commons-beanutils-1.8.3.jar
7f50fa777000-7f50fa77a000 r--s 00022000 08:02 934718                     /usr/local/play-1.2.4/framework/lib/jamon-2.7.jar
7f50fa77a000-7f50fa780000 r--s 00049000 08:02 934666                     /usr/local/play-1.2.4/framework/lib/cglib-nodep-2.2.jar
7f50fa780000-7f50fa784000 r--s 00027000 08:02 934696                     /usr/local/play-1.2.4/framework/lib/gson-1.7.1.jar
7f50fa784000-7f50fa7ae000 r--s 00427000 08:02 934756                     /usr/local/play-1.2.4/framework/lib/org.eclipse.jdt.core-3.8.0.v_C03.jar
7f50fa7ae000-7f50fa7be000 r--s 000b2000 08:02 934754                     /usr/local/play-1.2.4/framework/lib/netty-3.2.5.Final.jar
7f50fa7be000-7f50fa7c0000 r--s 00008000 08:02 934762                     /usr/local/play-1.2.4/framework/lib/signpost-core-1.2.jar
7f50fa7c0000-7f50fa7cb000 r--s 00124000 08:02 934698                     /usr/local/play-1.2.4/framework/lib/h2-1.3.149.jar
7f50fa7cb000-7f50fa7d1000 r--s 00067000 08:02 934656                     /usr/local/play-1.2.4/framework/lib/antlr-2.7.6.jar
7f50fa7d1000-7f50fa7da000 r--s 0006d000 08:02 934746                     /usr/local/play-1.2.4/framework/lib/log4j-1.2.16.jar
7f50fa7da000-7f50fa7e4000 r--s 0006f000 08:02 934688                     /usr/local/play-1.2.4/framework/lib/ehcache-core-2.0.0.jar
7f50fa7e4000-7f50fa7e6000 r--s 0000d000 08:02 934684                     /usr/local/play-1.2.4/framework/lib/commons-logging-1.1.1.jar
7f50fa7e6000-7f50fa83a000 r--s 00520000 08:02 934694                     /usr/local/play-1.2.4/framework/lib/groovy-all-1.7.10.jar
7f50fa83a000-7f50fa841000 r--s 0006a000 08:02 934748                     /usr/local/play-1.2.4/framework/lib/mail-1.4.3.jar
7f50fa841000-7f50fa873000 r--s 002c7000 08:02 934706                     /usr/local/play-1.2.4/framework/lib/hibernate-core-3.6.1.Final.jar
7f50fa873000-7f50fa87e000 r--s 0008b000 08:02 934664                     /usr/local/play-1.2.4/framework/lib/c3p0-0.9.1.2.jar
7f50fa87e000-7f50fa881000 r--s 0000f000 08:02 934692                     /usr/local/play-1.2.4/framework/lib/geronimo-servlet_2.5_spec-1.2.jar
7f50fa881000-7f50fa887000 r--s 00034000 08:02 934742                     /usr/local/play-1.2.4/framework/lib/junit-4.8.1.jar
7f50fa887000-7f50fa88c000 r--s 00014000 08:02 934714                     /usr/local/play-1.2.4/framework/lib/hibernate-jpa-2.0-api-1.0.0.Final.jar
7f50fa88c000-7f50fa891000 r--s 00048000 08:02 934686                     /usr/local/play-1.2.4/framework/lib/dom4j-1.6.1.jar
7f50fa891000-7f50fa898000 r--s 000b7000 08:02 934752                     /usr/local/play-1.2.4/framework/lib/mysql-connector-java-5.1.13.jar
7f50fa898000-7f50fa8a0000 r--s 0008a000 08:02 934720                     /usr/local/play-1.2.4/framework/lib/javassist-3.9.0.GA.jar
7f50fa8a0000-7f50fa8a3000 r--s 0000f000 08:02 934702                     /usr/local/play-1.2.4/framework/lib/hibernate-commons-annotations-3.2.0.Final.jar
7f50fa8a3000-7f50fa8a9000 r--s 0007e000 08:02 934760                     /usr/local/play-1.2.4/framework/lib/postgresql-9.0.jar
7f50fa8a9000-7f50fa8ab000 r--s 0000c000 08:02 934654                     /usr/local/play-1.2.4/framework/lib/activation-1.1.1.jar
7f50fa8ab000-7f50fa8ac000 r--s 00007000 08:02 934674                     /usr/local/play-1.2.4/framework/lib/commons-email-1.2.jar
7f50fa8ac000-7f50fa8b1000 r--s 00020000 08:02 934726                     /usr/local/play-1.2.4/framework/lib/jj-imaging.jar
7f50fa8b1000-7f50fa8b8000 r--s 00049000 08:02 934758                     /usr/local/play-1.2.4/framework/lib/oval-1.50.jar
7f50fa8b8000-7f50fa8c1000 r--s 0005d000 08:02 934710                     /usr/local/play-1.2.4/framework/lib/hibernate-entitymanager-3.6.0.Final.jar
7f50fa8c1000-7f50fa8c3000 r--s 0000d000 08:02 934676                     /usr/local/play-1.2.4/framework/lib/commons-fileupload-1.2.2.jar
7f50fa8c3000-7f50fa8c5000 r--s 00001000 08:02 934738                     /usr/local/play-1.2.4/framework/lib/jsr107cache-1.0.jar
7f50fa8c5000-7f50fa8c7000 r--s 0000b000 08:02 934730                     /usr/local/play-1.2.4/framework/lib/jj-textile.jar
7f50fa8c7000-7f50fa8d6000 r--s 0007c000 08:02 934734                     /usr/local/play-1.2.4/framework/lib/joda-time-2.0.jar
7f50fa8d6000-7f50fa8dc000 r--s 00038000 08:02 934768                     /usr/local/play-1.2.4/framework/lib/snakeyaml-1.7.jar
7f50fa8dc000-7f50fa8e3000 r--s 00038000 08:02 934732                     /usr/local/play-1.2.4/framework/lib/jj-wikitext.jar
7f50fa8e3000-7f50fa8e4000 ---p 00000000 00:00 0 
7f50fa8e4000-7f50fa9e4000 rw-p 00000000 00:00 0 
7f50fa9e4000-7f50fa9e7000 ---p 00000000 00:00 0 
7f50fa9e7000-7f50faae5000 rw-p 00000000 00:00 0 
7f50faae5000-7f50faae8000 ---p 00000000 00:00 0 
7f50faae8000-7f50fabe6000 rw-p 00000000 00:00 0 
7f50fabe6000-7f50fabe9000 ---p 00000000 00:00 0 
7f50fabe9000-7f50face7000 rw-p 00000000 00:00 0 
7f50face7000-7f50facea000 ---p 00000000 00:00 0 
7f50facea000-7f50fade8000 rw-p 00000000 00:00 0 
7f50fade8000-7f50fadeb000 ---p 00000000 00:00 0 
7f50fadeb000-7f50faee9000 rw-p 00000000 00:00 0 
7f50faee9000-7f50faeed000 r-xp 00000000 08:02 395388                     /usr/lib/jvm/java-6-openjdk/jre/lib/amd64/libdt_socket.so
7f50faeed000-7f50fb0ec000 ---p 00004000 08:02 395388                     /usr/lib/jvm/java-6-openjdk/jre/lib/amd64/libdt_socket.so
7f50fb0ec000-7f50fb0ed000 r--p 00003000 08:02 395388                     /usr/lib/jvm/java-6-openjdk/jre/lib/amd64/libdt_socket.so
7f50fb0ed000-7f50fb0ee000 rw-p 00004000 08:02 395388                     /usr/lib/jvm/java-6-openjdk/jre/lib/amd64/libdt_socket.so
7f50fb0ee000-7f50fb0f1000 ---p 00000000 00:00 0 
7f50fb0f1000-7f50fb1ef000 rw-p 00000000 00:00 0 
7f50fb1ef000-7f50fb1f2000 ---p 00000000 00:00 0 
7f50fb1f2000-7f50fb2f0000 rw-p 00000000 00:00 0 
7f50fb2f0000-7f50fb2f3000 ---p 00000000 00:00 0 
7f50fb2f3000-7f50fb3f1000 rw-p 00000000 00:00 0 
7f50fb3f1000-7f50fb3f2000 ---p 00000000 00:00 0 
7f50fb3f2000-7f50fbe2e000 rw-p 00000000 00:00 0 
7f50fbe2e000-7f50fbfbf000 r--s 037b8000 08:02 412947                     /usr/lib/jvm/java-6-openjdk/jre/lib/rt.jar
7f50fbfbf000-7f50fbfe7000 rw-p 00000000 00:00 0 
7f50fbfe7000-7f50fbfe8000 ---p 00000000 00:00 0 
7f50fbfe8000-7f50fc0e8000 rw-p 00000000 00:00 0 
7f50fc0e8000-7f50fc0e9000 ---p 00000000 00:00 0 
7f50fc0e9000-7f50fc1e9000 rw-p 00000000 00:00 0 
7f50fc1e9000-7f50fc1ea000 ---p 00000000 00:00 0 
7f50fc1ea000-7f50fc2ea000 rw-p 00000000 00:00 0 
7f50fc2ea000-7f50fc2eb000 ---p 00000000 00:00 0 
7f50fc2eb000-7f50fc3eb000 rw-p 00000000 00:00 0 
7f50fc3eb000-7f50fc3ec000 ---p 00000000 00:00 0 
7f50fc3ec000-7f50fc4ec000 rw-p 00000000 00:00 0 
7f50fc4ec000-7f50fc4ed000 ---p 00000000 00:00 0 
7f50fc4ed000-7f50fc5ed000 rw-p 00000000 00:00 0 
7f50fc5ed000-7f50fc5ee000 ---p 00000000 00:00 0 
7f50fc5ee000-7f50fc6ee000 rw-p 00000000 00:00 0 
7f50fc6ee000-7f50fc6ef000 ---p 00000000 00:00 0 
7f50fc6ef000-7f50fc807000 rw-p 00000000 00:00 0 
7f50fc807000-7f50fc842000 rw-p 00000000 00:00 0 
7f50fc842000-7f50fc857000 rw-p 00000000 00:00 0 
7f50fc857000-7f50fc988000 rw-p 00000000 00:00 0 
7f50fc988000-7f50fc9a0000 rw-p 00000000 00:00 0 
7f50fc9a0000-7f50fc9db000 rw-p 00000000 00:00 0 
7f50fc9db000-7f50fc9f0000 rw-p 00000000 00:00 0 
7f50fc9f0000-7f50fcb20000 rw-p 00000000 00:00 0 
7f50fcb20000-7f50fcb2d000 rw-p 00000000 00:00 0 
7f50fcb2d000-7f50fcb34000 ---p 00000000 00:00 0 
7f50fcb34000-7f50fcbc3000 rw-p 00000000 00:00 0 
7f50fcbc3000-7f50fcbc4000 rw-p 00000000 00:00 0 
7f50fcbc4000-7f50fd104000 rwxp 00000000 00:00 0 
7f50fd104000-7f50ffbc4000 rw-p 00000000 00:00 0 
7f50ffbc4000-7f50ffbcb000 r-xp 00000000 08:02 395413                     /usr/lib/jvm/java-6-openjdk/jre/lib/amd64/libzip.so
7f50ffbcb000-7f50ffdca000 ---p 00007000 08:02 395413                     /usr/lib/jvm/java-6-openjdk/jre/lib/amd64/libzip.so
7f50ffdca000-7f50ffdcb000 r--p 00006000 08:02 395413                     /usr/lib/jvm/java-6-openjdk/jre/lib/amd64/libzip.so
7f50ffdcb000-7f50ffdcc000 rw-p 00007000 08:02 395413                     /usr/lib/jvm/java-6-openjdk/jre/lib/amd64/libzip.so
7f50ffdcc000-7f50ffdd8000 r-xp 00000000 08:02 265747                     /lib/x86_64-linux-gnu/libnss_files-2.13.so
7f50ffdd8000-7f50fffd7000 ---p 0000c000 08:02 265747                     /lib/x86_64-linux-gnu/libnss_files-2.13.so
7f50fffd7000-7f50fffd8000 r--p 0000b000 08:02 265747                     /lib/x86_64-linux-gnu/libnss_files-2.13.so
7f50fffd8000-7f50fffd9000 rw-p 0000c000 08:02 265747                     /lib/x86_64-linux-gnu/libnss_files-2.13.so
7f50fffd9000-7f50fffe3000 r-xp 00000000 08:02 265751                     /lib/x86_64-linux-gnu/libnss_nis-2.13.so
7f50fffe3000-7f51001e3000 ---p 0000a000 08:02 265751                     /lib/x86_64-linux-gnu/libnss_nis-2.13.so
7f51001e3000-7f51001e4000 r--p 0000a000 08:02 265751                     /lib/x86_64-linux-gnu/libnss_nis-2.13.so
7f51001e4000-7f51001e5000 rw-p 0000b000 08:02 265751                     /lib/x86_64-linux-gnu/libnss_nis-2.13.so
7f51001e5000-7f51001fc000 r-xp 00000000 08:02 265741                     /lib/x86_64-linux-gnu/libnsl-2.13.so
7f51001fc000-7f51003fb000 ---p 00017000 08:02 265741                     /lib/x86_64-linux-gnu/libnsl-2.13.so
7f51003fb000-7f51003fc000 r--p 00016000 08:02 265741                     /lib/x86_64-linux-gnu/libnsl-2.13.so
7f51003fc000-7f51003fd000 rw-p 00017000 08:02 265741                     /lib/x86_64-linux-gnu/libnsl-2.13.so
7f51003fd000-7f51003ff000 rw-p 00000000 00:00 0 
7f51003ff000-7f5100407000 r-xp 00000000 08:02 265743                     /lib/x86_64-linux-gnu/libnss_compat-2.13.so
7f5100407000-7f5100606000 ---p 00008000 08:02 265743                     /lib/x86_64-linux-gnu/libnss_compat-2.13.so
7f5100606000-7f5100607000 r--p 00007000 08:02 265743                     /lib/x86_64-linux-gnu/libnss_compat-2.13.so
7f5100607000-7f5100608000 rw-p 00008000 08:02 265743                     /lib/x86_64-linux-gnu/libnss_compat-2.13.so
7f5100608000-7f5100cec000 r--p 00000000 08:02 398755                     /usr/lib/locale/locale-archive
7f5100cec000-7f5100cef000 r-xp 00000000 08:02 395403                     /usr/lib/jvm/java-6-openjdk/jre/lib/amd64/libnpt.so
7f5100cef000-7f5100eee000 ---p 00003000 08:02 395403                     /usr/lib/jvm/java-6-openjdk/jre/lib/amd64/libnpt.so
7f5100eee000-7f5100eef000 r--p 00002000 08:02 395403                     /usr/lib/jvm/java-6-openjdk/jre/lib/amd64/libnpt.so
7f5100eef000-7f5100ef0000 rw-p 00003000 08:02 395403                     /usr/lib/jvm/java-6-openjdk/jre/lib/amd64/libnpt.so
7f5100ef0000-7f5100ef9000 r-xp 00000000 08:02 395408                     /usr/lib/jvm/java-6-openjdk/jre/lib/amd64/libinstrument.so
7f5100ef9000-7f51010f9000 ---p 00009000 08:02 395408                     /usr/lib/jvm/java-6-openjdk/jre/lib/amd64/libinstrument.so
7f51010f9000-7f51010fa000 r--p 00009000 08:02 395408                     /usr/lib/jvm/java-6-openjdk/jre/lib/amd64/libinstrument.so
7f51010fa000-7f51010fb000 rw-p 0000a000 08:02 395408                     /usr/lib/jvm/java-6-openjdk/jre/lib/amd64/libinstrument.so
7f51010fb000-7f5101135000 r-xp 00000000 08:02 395402                     /usr/lib/jvm/java-6-openjdk/jre/lib/amd64/libjdwp.so
7f5101135000-7f5101334000 ---p 0003a000 08:02 395402                     /usr/lib/jvm/java-6-openjdk/jre/lib/amd64/libjdwp.so
7f5101334000-7f5101335000 r--p 00039000 08:02 395402                     /usr/lib/jvm/java-6-openjdk/jre/lib/amd64/libjdwp.so
7f5101335000-7f5101336000 rw-p 0003a000 08:02 395402                     /usr/lib/jvm/java-6-openjdk/jre/lib/amd64/libjdwp.so
7f5101336000-7f5101362000 r-xp 00000000 08:02 395412                     /usr/lib/jvm/java-6-openjdk/jre/lib/amd64/libjava.so
7f5101362000-7f5101561000 ---p 0002c000 08:02 395412                     /usr/lib/jvm/java-6-openjdk/jre/lib/amd64/libjava.so
7f5101561000-7f5101562000 r--p 0002b000 08:02 395412                     /usr/lib/jvm/java-6-openjdk/jre/lib/amd64/libjava.so
7f5101562000-7f5101565000 rw-p 0002c000 08:02 395412                     /usr/lib/jvm/java-6-openjdk/jre/lib/amd64/libjava.so
7f5101565000-7f5101573000 r-xp 00000000 08:02 395396                     /usr/lib/jvm/java-6-openjdk/jre/lib/amd64/libverify.so
7f5101573000-7f5101772000 ---p 0000e000 08:02 395396                     /usr/lib/jvm/java-6-openjdk/jre/lib/amd64/libverify.so
7f5101772000-7f5101774000 r--p 0000d000 08:02 395396                     /usr/lib/jvm/java-6-openjdk/jre/lib/amd64/libverify.so
7f5101774000-7f5101775000 rw-p 0000f000 08:02 395396                     /usr/lib/jvm/java-6-openjdk/jre/lib/amd64/libverify.so
7f5101775000-7f510177c000 r-xp 00000000 08:02 265770                     /lib/x86_64-linux-gnu/librt-2.13.so
7f510177c000-7f510197b000 ---p 00007000 08:02 265770                     /lib/x86_64-linux-gnu/librt-2.13.so
7f510197b000-7f510197c000 r--p 00006000 08:02 265770                     /lib/x86_64-linux-gnu/librt-2.13.so
7f510197c000-7f510197d000 rw-p 00007000 08:02 265770                     /lib/x86_64-linux-gnu/librt-2.13.so
7f510197d000-7f5101992000 r-xp 00000000 08:02 265727                     /lib/x86_64-linux-gnu/libgcc_s.so.1
7f5101992000-7f5101b91000 ---p 00015000 08:02 265727                     /lib/x86_64-linux-gnu/libgcc_s.so.1
7f5101b91000-7f5101b92000 r--p 00014000 08:02 265727                     /lib/x86_64-linux-gnu/libgcc_s.so.1
7f5101b92000-7f5101b93000 rw-p 00015000 08:02 265727                     /lib/x86_64-linux-gnu/libgcc_s.so.1
7f5101b93000-7f5101c16000 r-xp 00000000 08:02 265736                     /lib/x86_64-linux-gnu/libm-2.13.so
7f5101c16000-7f5101e15000 ---p 00083000 08:02 265736                     /lib/x86_64-linux-gnu/libm-2.13.so
7f5101e15000-7f5101e16000 r--p 00082000 08:02 265736                     /lib/x86_64-linux-gnu/libm-2.13.so
7f5101e16000-7f5101e17000 rw-p 00083000 08:02 265736                     /lib/x86_64-linux-gnu/libm-2.13.so
7f5101e17000-7f5101eff000 r-xp 00000000 08:02 401004                     /usr/lib/x86_64-linux-gnu/libstdc++.so.6.0.16
7f5101eff000-7f51020ff000 ---p 000e8000 08:02 401004                     /usr/lib/x86_64-linux-gnu/libstdc++.so.6.0.16
7f51020ff000-7f5102107000 r--p 000e8000 08:02 401004                     /usr/lib/x86_64-linux-gnu/libstdc++.so.6.0.16
7f5102107000-7f5102109000 rw-p 000f0000 08:02 401004                     /usr/lib/x86_64-linux-gnu/libstdc++.so.6.0.16
7f5102109000-7f510211e000 rw-p 00000000 00:00 0 
7f510211e000-7f5102a21000 r-xp 00000000 08:02 412936                     /usr/lib/jvm/java-6-openjdk/jre/lib/amd64/server/libjvm.so
7f5102a21000-7f5102c20000 ---p 00903000 08:02 412936                     /usr/lib/jvm/java-6-openjdk/jre/lib/amd64/server/libjvm.so
7f5102c20000-7f5102ca1000 r--p 00902000 08:02 412936                     /usr/lib/jvm/java-6-openjdk/jre/lib/amd64/server/libjvm.so
7f5102ca1000-7f5102cbc000 rw-p 00983000 08:02 412936                     /usr/lib/jvm/java-6-openjdk/jre/lib/amd64/server/libjvm.so
7f5102cbc000-7f5102ce5000 rw-p 00000000 00:00 0 
7f5102ce5000-7f5102cfc000 r-xp 00000000 08:02 265789                     /lib/x86_64-linux-gnu/libz.so.1.2.3.4
7f5102cfc000-7f5102efb000 ---p 00017000 08:02 265789                     /lib/x86_64-linux-gnu/libz.so.1.2.3.4
7f5102efb000-7f5102efc000 r--p 00016000 08:02 265789                     /lib/x86_64-linux-gnu/libz.so.1.2.3.4
7f5102efc000-7f5102efd000 rw-p 00017000 08:02 265789                     /lib/x86_64-linux-gnu/libz.so.1.2.3.4
7f5102efd000-7f5103092000 r-xp 00000000 08:02 265706                     /lib/x86_64-linux-gnu/libc-2.13.so
7f5103092000-7f5103291000 ---p 00195000 08:02 265706                     /lib/x86_64-linux-gnu/libc-2.13.so
7f5103291000-7f5103295000 r--p 00194000 08:02 265706                     /lib/x86_64-linux-gnu/libc-2.13.so
7f5103295000-7f5103296000 rw-p 00198000 08:02 265706                     /lib/x86_64-linux-gnu/libc-2.13.so
7f5103296000-7f510329c000 rw-p 00000000 00:00 0 
7f510329c000-7f510329e000 r-xp 00000000 08:02 265717                     /lib/x86_64-linux-gnu/libdl-2.13.so
7f510329e000-7f510349e000 ---p 00002000 08:02 265717                     /lib/x86_64-linux-gnu/libdl-2.13.so
7f510349e000-7f510349f000 r--p 00002000 08:02 265717                     /lib/x86_64-linux-gnu/libdl-2.13.so
7f510349f000-7f51034a0000 rw-p 00003000 08:02 265717                     /lib/x86_64-linux-gnu/libdl-2.13.so
7f51034a0000-7f51034a4000 r-xp 00000000 08:02 395394                     /usr/lib/jvm/java-6-openjdk/jre/lib/amd64/jli/libjli.so
7f51034a4000-7f51036a3000 ---p 00004000 08:02 395394                     /usr/lib/jvm/java-6-openjdk/jre/lib/amd64/jli/libjli.so
7f51036a3000-7f51036a4000 r--p 00003000 08:02 395394                     /usr/lib/jvm/java-6-openjdk/jre/lib/amd64/jli/libjli.so
7f51036a4000-7f51036a5000 rw-p 00004000 08:02 395394                     /usr/lib/jvm/java-6-openjdk/jre/lib/amd64/jli/libjli.so
7f51036a5000-7f51036bd000 r-xp 00000000 08:02 265766                     /lib/x86_64-linux-gnu/libpthread-2.13.so
7f51036bd000-7f51038bc000 ---p 00018000 08:02 265766                     /lib/x86_64-linux-gnu/libpthread-2.13.so
7f51038bc000-7f51038bd000 r--p 00017000 08:02 265766                     /lib/x86_64-linux-gnu/libpthread-2.13.so
7f51038bd000-7f51038be000 rw-p 00018000 08:02 265766                     /lib/x86_64-linux-gnu/libpthread-2.13.so
7f51038be000-7f51038c2000 rw-p 00000000 00:00 0 
7f51038c2000-7f51038e3000 r-xp 00000000 08:02 265693                     /lib/x86_64-linux-gnu/ld-2.13.so
7f51038e3000-7f51038e5000 r--s 00013000 08:02 395416                     /usr/lib/jvm/java-6-openjdk/jre/lib/jce.jar
7f51038e5000-7f51038e6000 r--s 00000000 08:02 934722                     /usr/local/play-1.2.4/framework/lib/javax.inject-1.0.jar
7f51038e6000-7f51038f4000 r--s 0007f000 08:02 934672                     /usr/local/play-1.2.4/framework/lib/commons-collections-3.2.1.jar
7f51038f4000-7f51038f6000 r--s 0000d000 08:02 934670                     /usr/local/play-1.2.4/framework/lib/commons-codec-1.4.jar
7f51038f6000-7f51038f9000 r--s 0007d000 08:02 395415                     /usr/lib/jvm/java-6-openjdk/jre/lib/jsse.jar
7f51038f9000-7f5103905000 r--s 000c2000 08:02 934780                     /usr/local/play-1.2.4/framework/play-1.2.4.jar
7f5103905000-7f510391a000 rw-p 00000000 00:00 0 
7f510391a000-7f51039c5000 rw-p 00000000 00:00 0 
7f51039c5000-7f51039c8000 ---p 00000000 00:00 0 
7f51039c8000-7f5103acc000 rw-p 00000000 00:00 0 
7f5103acc000-7f5103ad4000 r--s 00066000 08:02 800601                     /usr/share/java/gnome-java-bridge.jar
7f5103ad4000-7f5103ad6000 r--s 0000f000 08:02 412927                     /usr/lib/jvm/java-6-openjdk/jre/lib/ext/pulse-java.jar
7f5103ad6000-7f5103ade000 rw-s 00000000 08:02 1571849                    /tmp/hsperfdata_gparker/6425
7f5103ade000-7f5103adf000 rw-p 00000000 00:00 0 
7f5103adf000-7f5103ae0000 r--p 00000000 00:00 0 
7f5103ae0000-7f5103ae2000 rw-p 00000000 00:00 0 
7f5103ae2000-7f5103ae3000 r--p 00020000 08:02 265693                     /lib/x86_64-linux-gnu/ld-2.13.so
7f5103ae3000-7f5103ae5000 rw-p 00021000 08:02 265693                     /lib/x86_64-linux-gnu/ld-2.13.so
7fffabb9c000-7fffabbbe000 rw-p 00000000 00:00 0                          [stack]
7fffabbff000-7fffabc00000 r-xp 00000000 00:00 0                          [vdso]
ffffffffff600000-ffffffffff601000 r-xp 00000000 00:00 0                  [vsyscall]

VM Arguments:
jvm_args: -javaagent:/usr/local/play-1.2.4/framework/play-1.2.4.jar -XX:-UseSplitVerifier -Dfile.encoding=utf-8 -Xdebug -Xrunjdwp:transport=dt_socket,address=8000,server=y,suspend=n -Dplay.debug=yes -Dapplication.path=/home/gparker/classes/378/yabe -Dplay.id= 
java_command: play.server.Server 
Launcher Type: SUN_STANDARD

Environment Variables:
JAVA_HOME=/usr/lib/jvm/java-1.6.0-openjdk
CLASSPATH=:/usr/local/junit-4.8.1.jar
PATH=/usr/local/nvm/v0.6.10/bin:/usr/lib/lightdm/lightdm:/usr/local/sbin:/usr/local/bin:/usr/sbin:/usr/bin:/sbin:/bin:/usr/games:/home/gparker/scripts/:/usr/local/mysql/bin:/usr/local/google_appengine:/usr/local/node/bin:/usr/local/play-1.2.4
USERNAME=gparker
LD_LIBRARY_PATH=/usr/lib/jvm/java-6-openjdk/jre/lib/amd64/server:/usr/lib/jvm/java-6-openjdk/jre/lib/amd64:/usr/lib/jvm/java-6-openjdk/jre/../lib/amd64
SHELL=/bin/bash
DISPLAY=:0.0

Signal Handlers:
SIGSEGV: [libjvm.so+0x783e60], sa_mask[0]=0x7ffbfeff, sa_flags=0x10000004
SIGBUS: [libjvm.so+0x783e60], sa_mask[0]=0x7ffbfeff, sa_flags=0x10000004
SIGFPE: [libjvm.so+0x6485c0], sa_mask[0]=0x7ffbfeff, sa_flags=0x10000004
SIGPIPE: [libjvm.so+0x6485c0], sa_mask[0]=0x7ffbfeff, sa_flags=0x10000004
SIGXFSZ: [libjvm.so+0x6485c0], sa_mask[0]=0x7ffbfeff, sa_flags=0x10000004
SIGILL: [libjvm.so+0x6485c0], sa_mask[0]=0x7ffbfeff, sa_flags=0x10000004
SIGUSR1: SIG_DFL, sa_mask[0]=0x00000000, sa_flags=0x00000000
SIGUSR2: [libjvm.so+0x648770], sa_mask[0]=0x00000000, sa_flags=0x10000004
SIGHUP: [libjvm.so+0x64b280], sa_mask[0]=0x7ffbfeff, sa_flags=0x10000004
SIGINT: [libjvm.so+0x64b280], sa_mask[0]=0x7ffbfeff, sa_flags=0x10000004
SIGTERM: [libjvm.so+0x64b280], sa_mask[0]=0x7ffbfeff, sa_flags=0x10000004
SIGQUIT: [libjvm.so+0x64b280], sa_mask[0]=0x7ffbfeff, sa_flags=0x10000004


---------------  S Y S T E M  ---------------

OS:Ubuntu 11.10 (oneiric)
uname:Linux 3.0.0-15-generic #26-Ubuntu SMP Fri Jan 20 17:23:00 UTC 2012 x86_64
libc:glibc 2.13 NPTL 2.13 
rlimit: STACK 8192k, CORE 0k, NPROC 31003, NOFILE 4096, AS infinity
load average:0.19 0.11 0.08

/proc/meminfo:
MemTotal:        3992040 kB
MemFree:         1153608 kB
Buffers:          170100 kB
Cached:           965700 kB
SwapCached:            0 kB
Active:          1823396 kB
Inactive:         729964 kB
Active(anon):    1419084 kB
Inactive(anon):     1096 kB
Active(file):     404312 kB
Inactive(file):   728868 kB
Unevictable:           0 kB
Mlocked:               0 kB
SwapTotal:       4881404 kB
SwapFree:        4881404 kB
Dirty:               188 kB
Writeback:             0 kB
AnonPages:       1417544 kB
Mapped:           155852 kB
Shmem:              2628 kB
Slab:             122268 kB
SReclaimable:      86108 kB
SUnreclaim:        36160 kB
KernelStack:        3712 kB
PageTables:        32732 kB
NFS_Unstable:          0 kB
Bounce:                0 kB
WritebackTmp:          0 kB
CommitLimit:     6877424 kB
Committed_AS:    3664668 kB
VmallocTotal:   34359738367 kB
VmallocUsed:      150340 kB
VmallocChunk:   34359584252 kB
HardwareCorrupted:     0 kB
AnonHugePages:         0 kB
HugePages_Total:       0
HugePages_Free:        0
HugePages_Rsvd:        0
HugePages_Surp:        0
Hugepagesize:       2048 kB
DirectMap4k:      157696 kB
DirectMap2M:     3971072 kB


CPU:total 8 (4 cores per cpu, 2 threads per core) family 6 model 30 stepping 5, cmov, cx8, fxsr, mmx, sse, sse2, sse3, ssse3, sse4.1, sse4.2, popcnt, ht

Memory: 4k page, physical 3992040k(1153608k free), swap 4881404k(4881404k free)

vm_info: OpenJDK 64-Bit Server VM (20.0-b11) for linux-amd64 JRE (1.6.0_23-b23), built on Jan 20 2012 00:38:33 by "buildd" with gcc 4.6.1

time: Sat Feb 11 19:49:26 2012
elapsed time: 904 seconds

