#
# A fatal error has been detected by the Java Runtime Environment:
#
#  SIGSEGV (0xb) at pc=0x00007ffb103b194e, pid=5180, tid=140716157949696
#
# JRE version: 6.0_23-b23
# Java VM: OpenJDK 64-Bit Server VM (20.0-b11 mixed mode linux-amd64 compressed oops)
# Derivative: IcedTea6 1.11pre
# Distribution: Ubuntu 11.10, package 6b23~pre11-0ubuntu1.11.10
# Problematic frame:
# V  [libjvm.so+0x5bc94e]  PhaseIdealLoop::build_loop_late_post(Node*)+0x14e
#
# If you would like to submit a bug report, please include
# instructions how to reproduce the bug and visit:
#   https://bugs.launchpad.net/ubuntu/+source/openjdk-6/
#

---------------  T H R E A D  ---------------

Current thread (0x0000000002479000):  JavaThread "C2 CompilerThread0" daemon [_thread_in_native, id=5196, stack(0x00007ffb088bd000,0x00007ffb089be000)]

siginfo:si_signo=SIGSEGV: si_errno=0, si_code=1 (SEGV_MAPERR), si_addr=0x0000000000000008

Registers:
RAX=0x0000000000000000, RBX=0x00007ffb089baa30, RCX=0x0000000002df2fb0, RDX=0x0000000000002000
RSP=0x00007ffb089b9270, RBP=0x00007ffb089b92b0, RSI=0x0000000003182d50, RDI=0x0000000000000000
R8 =0x0000000002de2f90, R9 =0x00007ffb089baa30, R10=0x0000000003182d50, R11=0x0000000000000000
R12=0x000000000530ecb0, R13=0x0000000002baee28, R14=0x00007ffb089baa50, R15=0x00007ffb040dcf78
RIP=0x00007ffb103b194e, EFLAGS=0x0000000000010206, CSGSFS=0x0000000000000033, ERR=0x0000000000000004
  TRAPNO=0x000000000000000e

Top of Stack: (sp=0x00007ffb089b9270)
0x00007ffb089b9270:   00007ffb04401448 00007ffb089b9550
0x00007ffb089b9280:   00007ffb089b92b0 00007ffb089baa30
0x00007ffb089b9290:   0000000000000002 000000000530ecb0
0x00007ffb089b92a0:   00007ffb040e4858 00007ffb089b9550
0x00007ffb089b92b0:   00007ffb089b9320 00007ffb103b1ebb
0x00007ffb089b92c0:   0000000002ab0010 0000000000000100
0x00007ffb089b92d0:   00007ffb00000001 00007ffb089bb3d0
0x00007ffb089b92e0:   00007ffb089b9570 00007ffb089b9510
0x00007ffb089b92f0:   0000000000001804 00007ffb089baa30
0x00007ffb089b9300:   0000000000000007 0000000000000001
0x00007ffb089b9310:   0000000000000001 0000000002ab0010
0x00007ffb089b9320:   00007ffb089b95c0 00007ffb103b2a82
0x00007ffb089b9330:   00000000030d0e88 0000000002aaffa0
0x00007ffb089b9340:   00007ffb089b9350 00007ffb089baa50
0x00007ffb089b9350:   00007ffb089b93b0 00007ffb101e48ce
0x00007ffb089b9360:   0000000004bd0440 0000000002ba0db0
0x00007ffb089b9370:   0000000000000000 0000000000000038
0x00007ffb089b9380:   0000000004bd0440 00007ffb089bc150
0x00007ffb089b9390:   00007ffb1099af2a 00007ffb109b6b58
0x00007ffb089b93a0:   00007ffb089b9fd8 00007ffb089b9ff8
0x00007ffb089b93b0:   00007ffb089b93e0 00007ffb10425814
0x00007ffb089b93c0:   00007ffb040df660 00007ffb089b94b0
0x00007ffb089b93d0:   00007ffb089b93e0 00007ffb10101402
0x00007ffb089b93e0:   00007ffb089b9440 00007ffb10265ea5
0x00007ffb089b93f0:   0000000003fa5bb0 0000000002fbf3c0
0x00007ffb089b9400:   0000000003038240 000000001047a08d
0x00007ffb089b9410:   00007ffb089b9ff8 0000000000010040
0x00007ffb089b9420:   00007ffb089b9610 00007ffb089b9610
0x00007ffb089b9430:   0000000002fbf470 0000000002fbf408
0x00007ffb089b9440:   00007ffb089b9530 00007ffb10f6e1c0
0x00007ffb089b9450:   00007ffb089b94e0 0000000000010010
0x00007ffb089b9460:   00007ffb04247a80 0000000000010000 

Instructions: (pc=0x00007ffb103b194e)
0x00007ffb103b192e:   4c 39 e8 0f 84 ad 03 00 00 8b 70 28 49 89 c7 0f
0x00007ffb103b193e:   1f 00 4c 8b 93 e0 09 00 00 49 8d 34 f2 48 8b 06
0x00007ffb103b194e:   48 8b 50 08 48 83 3a 00 75 27 8b 4b 28 0f 1f 44
0x00007ffb103b195e:   00 00 8b 50 28 31 c0 39 ca 73 0c 48 8b 43 30 48 

Register to memory mapping:

RAX=0x0000000000000000 is an unknown value
RBX=0x00007ffb089baa30 is pointing into the stack for thread: 0x0000000002479000
RCX=0x0000000002df2fb0 is an unknown value
RDX=0x0000000000002000 is an unknown value
RSP=0x00007ffb089b9270 is pointing into the stack for thread: 0x0000000002479000
RBP=0x00007ffb089b92b0 is pointing into the stack for thread: 0x0000000002479000
RSI=0x0000000003182d50 is an unknown value
RDI=0x0000000000000000 is an unknown value
R8 =0x0000000002de2f90 is an unknown value
R9 =0x00007ffb089baa30 is pointing into the stack for thread: 0x0000000002479000
R10=0x0000000003182d50 is an unknown value
R11=0x0000000000000000 is an unknown value
R12=0x000000000530ecb0 is an unknown value
R13=0x0000000002baee28 is an unknown value
R14=0x00007ffb089baa50 is pointing into the stack for thread: 0x0000000002479000
R15=0x00007ffb040dcf78 is an unknown value


Stack: [0x00007ffb088bd000,0x00007ffb089be000],  sp=0x00007ffb089b9270,  free space=1008k
Native frames: (J=compiled Java code, j=interpreted, Vv=VM code, C=native code)
V  [libjvm.so+0x5bc94e]  PhaseIdealLoop::build_loop_late_post(Node*)+0x14e
V  [libjvm.so+0x5bcebb]  PhaseIdealLoop::build_loop_late(VectorSet&, Node_List&, Node_Stack&)+0x10b
V  [libjvm.so+0x5bda82]  PhaseIdealLoop::build_and_optimize(bool, bool)+0x692
V  [libjvm.so+0x37bc8a]  Compile::Optimize()+0xd2a
V  [libjvm.so+0x37c9f3]  Compile::Compile(ciEnv*, C2Compiler*, ciMethod*, int, bool, bool)+0xad3
V  [libjvm.so+0x3062d0]  C2Compiler::compile_method(ciEnv*, ciMethod*, int)+0xe0
V  [libjvm.so+0x3810d3]  CompileBroker::invoke_compiler_on_method(CompileTask*)+0x2a3
V  [libjvm.so+0x381a1b]  CompileBroker::compiler_thread_loop()+0x45b
V  [libjvm.so+0x74bca8]  JavaThread::thread_main_inner()+0x58
V  [libjvm.so+0x64bc22]  java_start(Thread*)+0x112


Current CompileTask:
C2:2465577 808      jregex.Pretokenizer.next()V (1064 bytes)


---------------  P R O C E S S  ---------------

Java Threads: ( => current thread )
  0x00007ffb04d4c000 JavaThread "net.sf.ehcache.CacheManager@4ad311da" daemon [_thread_blocked, id=6357, stack(0x00007ffb037f1000,0x00007ffb038f2000)]
  0x0000000002865000 JavaThread "New I/O server worker #1-1" [_thread_in_native, id=6356, stack(0x00007ffb03af4000,0x00007ffb03bf5000)]
  0x00007ffb0468e800 JavaThread "com.mchange.v2.async.ThreadPoolAsynchronousRunner$PoolThread-#2" daemon [_thread_blocked, id=5212, stack(0x00007ffb031e6000,0x00007ffb032e7000)]
  0x00007ffb04688000 JavaThread "com.mchange.v2.async.ThreadPoolAsynchronousRunner$PoolThread-#1" daemon [_thread_blocked, id=5211, stack(0x00007ffb032e7000,0x00007ffb033e8000)]
  0x00007ffb04c58000 JavaThread "com.mchange.v2.async.ThreadPoolAsynchronousRunner$PoolThread-#0" daemon [_thread_blocked, id=5210, stack(0x00007ffb033e8000,0x00007ffb034e9000)]
  0x00007ffb04d59800 JavaThread "Timer-0" daemon [_thread_blocked, id=5209, stack(0x00007ffb034e9000,0x00007ffb035ea000)]
  0x0000000002721800 JavaThread "play-thread-1" [_thread_in_Java, id=5207, stack(0x00007ffb038f2000,0x00007ffb039f3000)]
  0x000000000239d000 JavaThread "DestroyJavaVM" [_thread_blocked, id=5181, stack(0x00007ffb1169d000,0x00007ffb1179e000)]
  0x0000000002657000 JavaThread "New I/O server boss #1 ([id: 0x01c20eb7, /0:0:0:0:0:0:0:0:9000])" [_thread_in_native, id=5200, stack(0x00007ffb080c5000,0x00007ffb081c6000)]
  0x00007ffb04004000 JavaThread "Low Memory Detector" daemon [_thread_blocked, id=5198, stack(0x00007ffb086bb000,0x00007ffb087bc000)]
  0x000000000247c000 JavaThread "C2 CompilerThread1" daemon [_thread_in_native, id=5197, stack(0x00007ffb087bc000,0x00007ffb088bd000)]
=>0x0000000002479000 JavaThread "C2 CompilerThread0" daemon [_thread_in_native, id=5196, stack(0x00007ffb088bd000,0x00007ffb089be000)]
  0x000000000246d000 JavaThread "JDWP Event Helper Thread" daemon [_thread_blocked, id=5195, stack(0x00007ffb089be000,0x00007ffb08abf000)]
  0x0000000002469000 JavaThread "JDWP Transport Listener: dt_socket" daemon [_thread_in_native, id=5194, stack(0x00007ffb08abf000,0x00007ffb08bc0000)]
  0x000000000242c800 JavaThread "Signal Dispatcher" daemon [_thread_blocked, id=5193, stack(0x00007ffb08dc5000,0x00007ffb08ec6000)]
  0x000000000241b000 JavaThread "Finalizer" daemon [_thread_blocked, id=5192, stack(0x00007ffb08ec6000,0x00007ffb08fc7000)]
  0x0000000002413800 JavaThread "Reference Handler" daemon [_thread_blocked, id=5191, stack(0x00007ffb08fc7000,0x00007ffb090c8000)]

Other Threads:
  0x000000000240c800 VMThread [stack: 0x00007ffb090c8000,0x00007ffb091c9000] [id=5190]
  0x00007ffb04006800 WatcherThread [stack: 0x00007ffb085ba000,0x00007ffb086bb000] [id=5199]

VM state:not at safepoint (normal execution)

VM Mutex/Monitor currently owned by a thread: None

Heap
 PSYoungGen      total 18432K, used 6437K [0x00000000ebab0000, 0x00000000ecfe0000, 0x0000000100000000)
  eden space 15936K, 38% used [0x00000000ebab0000,0x00000000ec0a9450,0x00000000eca40000)
  from space 2496K, 12% used [0x00000000ecd70000,0x00000000ecdc0000,0x00000000ecfe0000)
  to   space 2880K, 0% used [0x00000000eca40000,0x00000000eca40000,0x00000000ecd10000)
 PSOldGen        total 41600K, used 16806K [0x00000000c3000000, 0x00000000c58a0000, 0x00000000ebab0000)
  object space 41600K, 40% used [0x00000000c3000000,0x00000000c4069878,0x00000000c58a0000)
 PSPermGen       total 46400K, used 46279K [0x00000000b8a00000, 0x00000000bb750000, 0x00000000c3000000)
  object space 46400K, 99% used [0x00000000b8a00000,0x00000000bb731dd0,0x00000000bb750000)

Code Cache  [0x00007ffb0a89b000, 0x00007ffb0ad2b000, 0x00007ffb0d89b000)
 total_blobs=1430 nmethods=770 adapters=621 free_code_cache=45678016 largest_free_block=27584

Dynamic libraries:
00400000-00409000 r-xp 00000000 08:02 395440                             /usr/lib/jvm/java-6-openjdk/jre/bin/java
00608000-00609000 r--p 00008000 08:02 395440                             /usr/lib/jvm/java-6-openjdk/jre/bin/java
00609000-0060a000 rw-p 00009000 08:02 395440                             /usr/lib/jvm/java-6-openjdk/jre/bin/java
0238d000-0665c000 rw-p 00000000 00:00 0                                  [heap]
b8a00000-bb750000 rw-p 00000000 00:00 0 
bb750000-c3000000 rw-p 00000000 00:00 0 
c3000000-c58a0000 rw-p 00000000 00:00 0 
c58a0000-ebab0000 rw-p 00000000 00:00 0 
ebab0000-ecfe0000 rw-p 00000000 00:00 0 
ecfe0000-ee500000 ---p 00000000 00:00 0 
ee500000-100000000 rw-p 00000000 00:00 0 
7ffb030e5000-7ffb030e8000 ---p 00000000 00:00 0 
7ffb030e8000-7ffb031e6000 rw-p 00000000 00:00 0 
7ffb031e6000-7ffb031e9000 ---p 00000000 00:00 0 
7ffb031e9000-7ffb032e7000 rw-p 00000000 00:00 0 
7ffb032e7000-7ffb032ea000 ---p 00000000 00:00 0 
7ffb032ea000-7ffb033e8000 rw-p 00000000 00:00 0 
7ffb033e8000-7ffb033eb000 ---p 00000000 00:00 0 
7ffb033eb000-7ffb034e9000 rw-p 00000000 00:00 0 
7ffb034e9000-7ffb034ec000 ---p 00000000 00:00 0 
7ffb034ec000-7ffb035ea000 rw-p 00000000 00:00 0 
7ffb035ea000-7ffb035f0000 r-xp 00000000 08:02 395480                     /usr/lib/jvm/java-6-openjdk/jre/lib/amd64/libmanagement.so
7ffb035f0000-7ffb037ef000 ---p 00006000 08:02 395480                     /usr/lib/jvm/java-6-openjdk/jre/lib/amd64/libmanagement.so
7ffb037ef000-7ffb037f0000 r--p 00005000 08:02 395480                     /usr/lib/jvm/java-6-openjdk/jre/lib/amd64/libmanagement.so
7ffb037f0000-7ffb037f1000 rw-p 00006000 08:02 395480                     /usr/lib/jvm/java-6-openjdk/jre/lib/amd64/libmanagement.so
7ffb037f1000-7ffb037f4000 ---p 00000000 00:00 0 
7ffb037f4000-7ffb038f2000 rw-p 00000000 00:00 0 
7ffb038f2000-7ffb038f5000 ---p 00000000 00:00 0 
7ffb038f5000-7ffb039f3000 rw-p 00000000 00:00 0 
7ffb039f3000-7ffb039f6000 ---p 00000000 00:00 0 
7ffb039f6000-7ffb03af4000 rw-p 00000000 00:00 0 
7ffb03af4000-7ffb03af7000 ---p 00000000 00:00 0 
7ffb03af7000-7ffb03bf5000 rw-p 00000000 00:00 0 
7ffb03bf5000-7ffb03bf8000 ---p 00000000 00:00 0 
7ffb03bf8000-7ffb03cf6000 rw-p 00000000 00:00 0 
7ffb03cf6000-7ffb03cf9000 ---p 00000000 00:00 0 
7ffb03cf9000-7ffb03df7000 rw-p 00000000 00:00 0 
7ffb03df7000-7ffb03dff000 r-xp 00000000 08:02 395448                     /usr/lib/jvm/java-6-openjdk/jre/lib/amd64/libnio.so
7ffb03dff000-7ffb03ffe000 ---p 00008000 08:02 395448                     /usr/lib/jvm/java-6-openjdk/jre/lib/amd64/libnio.so
7ffb03ffe000-7ffb03fff000 r--p 00007000 08:02 395448                     /usr/lib/jvm/java-6-openjdk/jre/lib/amd64/libnio.so
7ffb03fff000-7ffb04000000 rw-p 00008000 08:02 395448                     /usr/lib/jvm/java-6-openjdk/jre/lib/amd64/libnio.so
7ffb04000000-7ffb0589c000 rw-p 00000000 00:00 0 
7ffb0589c000-7ffb08000000 ---p 00000000 00:00 0 
7ffb080c5000-7ffb080c8000 ---p 00000000 00:00 0 
7ffb080c8000-7ffb081c6000 rw-p 00000000 00:00 0 
7ffb081c6000-7ffb081db000 r-xp 00000000 08:02 395456                     /usr/lib/jvm/java-6-openjdk/jre/lib/amd64/libnet.so
7ffb081db000-7ffb083da000 ---p 00015000 08:02 395456                     /usr/lib/jvm/java-6-openjdk/jre/lib/amd64/libnet.so
7ffb083da000-7ffb083db000 r--p 00014000 08:02 395456                     /usr/lib/jvm/java-6-openjdk/jre/lib/amd64/libnet.so
7ffb083db000-7ffb083dc000 rw-p 00015000 08:02 395456                     /usr/lib/jvm/java-6-openjdk/jre/lib/amd64/libnet.so
7ffb083dc000-7ffb083eb000 r--s 000d9000 08:02 934716                     /usr/local/play-1.2.4/framework/lib/ivy-2.2.0.jar
7ffb083eb000-7ffb083f1000 r--s 00040000 08:02 934750                     /usr/local/play-1.2.4/framework/lib/memcached-2.6.jar
7ffb083f1000-7ffb083f6000 r--s 0002e000 08:02 934658                     /usr/local/play-1.2.4/framework/lib/asm-all-3.3.1.jar
7ffb083f6000-7ffb083f8000 r--s 00002000 08:02 934740                     /usr/local/play-1.2.4/framework/lib/jta-1.1.jar
7ffb083f8000-7ffb0841d000 r--s 00172000 08:02 934662                     /usr/local/play-1.2.4/framework/lib/bcprov-jdk15-1.45.jar
7ffb0841d000-7ffb08424000 r--s 0004d000 08:02 934660                     /usr/local/play-1.2.4/framework/lib/async-http-client-1.6.5.jar
7ffb08424000-7ffb08429000 r--s 00041000 08:02 934682                     /usr/local/play-1.2.4/framework/lib/commons-lang-2.6.jar
7ffb08429000-7ffb0842a000 r--s 00002000 08:02 934766                     /usr/local/play-1.2.4/framework/lib/slf4j-log4j12-1.6.1.jar
7ffb0842a000-7ffb0842d000 r--s 00011000 08:02 934690                     /usr/local/play-1.2.4/framework/lib/ezmorph-1.0.3.jar
7ffb0842d000-7ffb0842f000 r--s 00015000 08:02 934736                     /usr/local/play-1.2.4/framework/lib/jregex-1.2_01.jar
7ffb0842f000-7ffb08431000 r--s 0000e000 08:02 934680                     /usr/local/play-1.2.4/framework/lib/commons-javaflow-1066591.jar
7ffb08431000-7ffb08433000 r--s 00015000 08:02 934728                     /usr/local/play-1.2.4/framework/lib/jj-simplecaptcha.jar
7ffb08433000-7ffb0843e000 r--s 0005a000 08:02 934770                     /usr/local/play-1.2.4/framework/lib/xstream-1.3.jar
7ffb0843e000-7ffb08444000 r--s 00032000 08:02 934724                     /usr/local/play-1.2.4/framework/lib/jaxen-1.1.jar
7ffb08444000-7ffb08447000 r--s 00024000 08:02 934678                     /usr/local/play-1.2.4/framework/lib/commons-io-2.0.1.jar
7ffb08447000-7ffb08449000 r--s 00005000 08:02 934764                     /usr/local/play-1.2.4/framework/lib/slf4j-api-1.6.1.jar
7ffb08449000-7ffb0844e000 r--s 00034000 08:02 934668                     /usr/local/play-1.2.4/framework/lib/commons-beanutils-1.8.3.jar
7ffb0844e000-7ffb08451000 r--s 00022000 08:02 934718                     /usr/local/play-1.2.4/framework/lib/jamon-2.7.jar
7ffb08451000-7ffb08457000 r--s 00049000 08:02 934666                     /usr/local/play-1.2.4/framework/lib/cglib-nodep-2.2.jar
7ffb08457000-7ffb0845b000 r--s 00027000 08:02 934696                     /usr/local/play-1.2.4/framework/lib/gson-1.7.1.jar
7ffb0845b000-7ffb08485000 r--s 00427000 08:02 934756                     /usr/local/play-1.2.4/framework/lib/org.eclipse.jdt.core-3.8.0.v_C03.jar
7ffb08485000-7ffb08495000 r--s 000b2000 08:02 934754                     /usr/local/play-1.2.4/framework/lib/netty-3.2.5.Final.jar
7ffb08495000-7ffb08497000 r--s 00008000 08:02 934762                     /usr/local/play-1.2.4/framework/lib/signpost-core-1.2.jar
7ffb08497000-7ffb084a2000 r--s 00124000 08:02 934698                     /usr/local/play-1.2.4/framework/lib/h2-1.3.149.jar
7ffb084a2000-7ffb084a8000 r--s 00067000 08:02 934656                     /usr/local/play-1.2.4/framework/lib/antlr-2.7.6.jar
7ffb084a8000-7ffb084b1000 r--s 0006d000 08:02 934746                     /usr/local/play-1.2.4/framework/lib/log4j-1.2.16.jar
7ffb084b1000-7ffb084bb000 r--s 0006f000 08:02 934688                     /usr/local/play-1.2.4/framework/lib/ehcache-core-2.0.0.jar
7ffb084bb000-7ffb084bd000 r--s 0000d000 08:02 934684                     /usr/local/play-1.2.4/framework/lib/commons-logging-1.1.1.jar
7ffb084bd000-7ffb08511000 r--s 00520000 08:02 934694                     /usr/local/play-1.2.4/framework/lib/groovy-all-1.7.10.jar
7ffb08511000-7ffb08518000 r--s 0006a000 08:02 934748                     /usr/local/play-1.2.4/framework/lib/mail-1.4.3.jar
7ffb08518000-7ffb0854a000 r--s 002c7000 08:02 934706                     /usr/local/play-1.2.4/framework/lib/hibernate-core-3.6.1.Final.jar
7ffb0854a000-7ffb08555000 r--s 0008b000 08:02 934664                     /usr/local/play-1.2.4/framework/lib/c3p0-0.9.1.2.jar
7ffb08555000-7ffb08558000 r--s 0000f000 08:02 934692                     /usr/local/play-1.2.4/framework/lib/geronimo-servlet_2.5_spec-1.2.jar
7ffb08558000-7ffb0855e000 r--s 00034000 08:02 934742                     /usr/local/play-1.2.4/framework/lib/junit-4.8.1.jar
7ffb0855e000-7ffb08563000 r--s 00014000 08:02 934714                     /usr/local/play-1.2.4/framework/lib/hibernate-jpa-2.0-api-1.0.0.Final.jar
7ffb08563000-7ffb08568000 r--s 00048000 08:02 934686                     /usr/local/play-1.2.4/framework/lib/dom4j-1.6.1.jar
7ffb08568000-7ffb0856f000 r--s 000b7000 08:02 934752                     /usr/local/play-1.2.4/framework/lib/mysql-connector-java-5.1.13.jar
7ffb0856f000-7ffb08577000 r--s 0008a000 08:02 934720                     /usr/local/play-1.2.4/framework/lib/javassist-3.9.0.GA.jar
7ffb08577000-7ffb0857a000 r--s 0000f000 08:02 934702                     /usr/local/play-1.2.4/framework/lib/hibernate-commons-annotations-3.2.0.Final.jar
7ffb0857a000-7ffb08580000 r--s 0007e000 08:02 934760                     /usr/local/play-1.2.4/framework/lib/postgresql-9.0.jar
7ffb08580000-7ffb08582000 r--s 0000c000 08:02 934654                     /usr/local/play-1.2.4/framework/lib/activation-1.1.1.jar
7ffb08582000-7ffb08583000 r--s 00007000 08:02 934674                     /usr/local/play-1.2.4/framework/lib/commons-email-1.2.jar
7ffb08583000-7ffb08588000 r--s 00020000 08:02 934726                     /usr/local/play-1.2.4/framework/lib/jj-imaging.jar
7ffb08588000-7ffb0858f000 r--s 00049000 08:02 934758                     /usr/local/play-1.2.4/framework/lib/oval-1.50.jar
7ffb0858f000-7ffb08598000 r--s 0005d000 08:02 934710                     /usr/local/play-1.2.4/framework/lib/hibernate-entitymanager-3.6.0.Final.jar
7ffb08598000-7ffb0859a000 r--s 0000d000 08:02 934676                     /usr/local/play-1.2.4/framework/lib/commons-fileupload-1.2.2.jar
7ffb0859a000-7ffb0859c000 r--s 00001000 08:02 934738                     /usr/local/play-1.2.4/framework/lib/jsr107cache-1.0.jar
7ffb0859c000-7ffb0859e000 r--s 0000b000 08:02 934730                     /usr/local/play-1.2.4/framework/lib/jj-textile.jar
7ffb0859e000-7ffb085ad000 r--s 0007c000 08:02 934734                     /usr/local/play-1.2.4/framework/lib/joda-time-2.0.jar
7ffb085ad000-7ffb085b3000 r--s 00038000 08:02 934768                     /usr/local/play-1.2.4/framework/lib/snakeyaml-1.7.jar
7ffb085b3000-7ffb085ba000 r--s 00038000 08:02 934732                     /usr/local/play-1.2.4/framework/lib/jj-wikitext.jar
7ffb085ba000-7ffb085bb000 ---p 00000000 00:00 0 
7ffb085bb000-7ffb086bb000 rw-p 00000000 00:00 0 
7ffb086bb000-7ffb086be000 ---p 00000000 00:00 0 
7ffb086be000-7ffb087bc000 rw-p 00000000 00:00 0 
7ffb087bc000-7ffb087bf000 ---p 00000000 00:00 0 
7ffb087bf000-7ffb088bd000 rw-p 00000000 00:00 0 
7ffb088bd000-7ffb088c0000 ---p 00000000 00:00 0 
7ffb088c0000-7ffb089be000 rw-p 00000000 00:00 0 
7ffb089be000-7ffb089c1000 ---p 00000000 00:00 0 
7ffb089c1000-7ffb08abf000 rw-p 00000000 00:00 0 
7ffb08abf000-7ffb08ac2000 ---p 00000000 00:00 0 
7ffb08ac2000-7ffb08bc0000 rw-p 00000000 00:00 0 
7ffb08bc0000-7ffb08bc4000 r-xp 00000000 08:02 395447                     /usr/lib/jvm/java-6-openjdk/jre/lib/amd64/libdt_socket.so
7ffb08bc4000-7ffb08dc3000 ---p 00004000 08:02 395447                     /usr/lib/jvm/java-6-openjdk/jre/lib/amd64/libdt_socket.so
7ffb08dc3000-7ffb08dc4000 r--p 00003000 08:02 395447                     /usr/lib/jvm/java-6-openjdk/jre/lib/amd64/libdt_socket.so
7ffb08dc4000-7ffb08dc5000 rw-p 00004000 08:02 395447                     /usr/lib/jvm/java-6-openjdk/jre/lib/amd64/libdt_socket.so
7ffb08dc5000-7ffb08dc8000 ---p 00000000 00:00 0 
7ffb08dc8000-7ffb08ec6000 rw-p 00000000 00:00 0 
7ffb08ec6000-7ffb08ec9000 ---p 00000000 00:00 0 
7ffb08ec9000-7ffb08fc7000 rw-p 00000000 00:00 0 
7ffb08fc7000-7ffb08fca000 ---p 00000000 00:00 0 
7ffb08fca000-7ffb090c8000 rw-p 00000000 00:00 0 
7ffb090c8000-7ffb090c9000 ---p 00000000 00:00 0 
7ffb090c9000-7ffb09b05000 rw-p 00000000 00:00 0 
7ffb09b05000-7ffb09c96000 r--s 037b8000 08:02 395483                     /usr/lib/jvm/java-6-openjdk/jre/lib/rt.jar
7ffb09c96000-7ffb09cbe000 rw-p 00000000 00:00 0 
7ffb09cbe000-7ffb09cbf000 ---p 00000000 00:00 0 
7ffb09cbf000-7ffb09dbf000 rw-p 00000000 00:00 0 
7ffb09dbf000-7ffb09dc0000 ---p 00000000 00:00 0 
7ffb09dc0000-7ffb09ec0000 rw-p 00000000 00:00 0 
7ffb09ec0000-7ffb09ec1000 ---p 00000000 00:00 0 
7ffb09ec1000-7ffb09fc1000 rw-p 00000000 00:00 0 
7ffb09fc1000-7ffb09fc2000 ---p 00000000 00:00 0 
7ffb09fc2000-7ffb0a0c2000 rw-p 00000000 00:00 0 
7ffb0a0c2000-7ffb0a0c3000 ---p 00000000 00:00 0 
7ffb0a0c3000-7ffb0a1c3000 rw-p 00000000 00:00 0 
7ffb0a1c3000-7ffb0a1c4000 ---p 00000000 00:00 0 
7ffb0a1c4000-7ffb0a2c4000 rw-p 00000000 00:00 0 
7ffb0a2c4000-7ffb0a2c5000 ---p 00000000 00:00 0 
7ffb0a2c5000-7ffb0a3c5000 rw-p 00000000 00:00 0 
7ffb0a3c5000-7ffb0a3c6000 ---p 00000000 00:00 0 
7ffb0a3c6000-7ffb0a4dd000 rw-p 00000000 00:00 0 
7ffb0a4dd000-7ffb0a519000 rw-p 00000000 00:00 0 
7ffb0a519000-7ffb0a52e000 rw-p 00000000 00:00 0 
7ffb0a52e000-7ffb0a65f000 rw-p 00000000 00:00 0 
7ffb0a65f000-7ffb0a676000 rw-p 00000000 00:00 0 
7ffb0a676000-7ffb0a6b2000 rw-p 00000000 00:00 0 
7ffb0a6b2000-7ffb0a6c7000 rw-p 00000000 00:00 0 
7ffb0a6c7000-7ffb0a7f7000 rw-p 00000000 00:00 0 
7ffb0a7f7000-7ffb0a802000 rw-p 00000000 00:00 0 
7ffb0a802000-7ffb0a80d000 ---p 00000000 00:00 0 
7ffb0a80d000-7ffb0a89a000 rw-p 00000000 00:00 0 
7ffb0a89a000-7ffb0a89b000 rw-p 00000000 00:00 0 
7ffb0a89b000-7ffb0ad2b000 rwxp 00000000 00:00 0 
7ffb0ad2b000-7ffb0d89b000 rw-p 00000000 00:00 0 
7ffb0d89b000-7ffb0d8a2000 r-xp 00000000 08:02 395470                     /usr/lib/jvm/java-6-openjdk/jre/lib/amd64/libzip.so
7ffb0d8a2000-7ffb0daa1000 ---p 00007000 08:02 395470                     /usr/lib/jvm/java-6-openjdk/jre/lib/amd64/libzip.so
7ffb0daa1000-7ffb0daa2000 r--p 00006000 08:02 395470                     /usr/lib/jvm/java-6-openjdk/jre/lib/amd64/libzip.so
7ffb0daa2000-7ffb0daa3000 rw-p 00007000 08:02 395470                     /usr/lib/jvm/java-6-openjdk/jre/lib/amd64/libzip.so
7ffb0daa3000-7ffb0daaf000 r-xp 00000000 08:02 265747                     /lib/x86_64-linux-gnu/libnss_files-2.13.so
7ffb0daaf000-7ffb0dcae000 ---p 0000c000 08:02 265747                     /lib/x86_64-linux-gnu/libnss_files-2.13.so
7ffb0dcae000-7ffb0dcaf000 r--p 0000b000 08:02 265747                     /lib/x86_64-linux-gnu/libnss_files-2.13.so
7ffb0dcaf000-7ffb0dcb0000 rw-p 0000c000 08:02 265747                     /lib/x86_64-linux-gnu/libnss_files-2.13.so
7ffb0dcb0000-7ffb0dcba000 r-xp 00000000 08:02 265751                     /lib/x86_64-linux-gnu/libnss_nis-2.13.so
7ffb0dcba000-7ffb0deba000 ---p 0000a000 08:02 265751                     /lib/x86_64-linux-gnu/libnss_nis-2.13.so
7ffb0deba000-7ffb0debb000 r--p 0000a000 08:02 265751                     /lib/x86_64-linux-gnu/libnss_nis-2.13.so
7ffb0debb000-7ffb0debc000 rw-p 0000b000 08:02 265751                     /lib/x86_64-linux-gnu/libnss_nis-2.13.so
7ffb0debc000-7ffb0ded3000 r-xp 00000000 08:02 265741                     /lib/x86_64-linux-gnu/libnsl-2.13.so
7ffb0ded3000-7ffb0e0d2000 ---p 00017000 08:02 265741                     /lib/x86_64-linux-gnu/libnsl-2.13.so
7ffb0e0d2000-7ffb0e0d3000 r--p 00016000 08:02 265741                     /lib/x86_64-linux-gnu/libnsl-2.13.so
7ffb0e0d3000-7ffb0e0d4000 rw-p 00017000 08:02 265741                     /lib/x86_64-linux-gnu/libnsl-2.13.so
7ffb0e0d4000-7ffb0e0d6000 rw-p 00000000 00:00 0 
7ffb0e0d6000-7ffb0e0de000 r-xp 00000000 08:02 265743                     /lib/x86_64-linux-gnu/libnss_compat-2.13.so
7ffb0e0de000-7ffb0e2dd000 ---p 00008000 08:02 265743                     /lib/x86_64-linux-gnu/libnss_compat-2.13.so
7ffb0e2dd000-7ffb0e2de000 r--p 00007000 08:02 265743                     /lib/x86_64-linux-gnu/libnss_compat-2.13.so
7ffb0e2de000-7ffb0e2df000 rw-p 00008000 08:02 265743                     /lib/x86_64-linux-gnu/libnss_compat-2.13.so
7ffb0e2df000-7ffb0e9c3000 r--p 00000000 08:02 398755                     /usr/lib/locale/locale-archive
7ffb0e9c3000-7ffb0e9c6000 r-xp 00000000 08:02 395462                     /usr/lib/jvm/java-6-openjdk/jre/lib/amd64/libnpt.so
7ffb0e9c6000-7ffb0ebc5000 ---p 00003000 08:02 395462                     /usr/lib/jvm/java-6-openjdk/jre/lib/amd64/libnpt.so
7ffb0ebc5000-7ffb0ebc6000 r--p 00002000 08:02 395462                     /usr/lib/jvm/java-6-openjdk/jre/lib/amd64/libnpt.so
7ffb0ebc6000-7ffb0ebc7000 rw-p 00003000 08:02 395462                     /usr/lib/jvm/java-6-openjdk/jre/lib/amd64/libnpt.so
7ffb0ebc7000-7ffb0ebd0000 r-xp 00000000 08:02 395465                     /usr/lib/jvm/java-6-openjdk/jre/lib/amd64/libinstrument.so
7ffb0ebd0000-7ffb0edd0000 ---p 00009000 08:02 395465                     /usr/lib/jvm/java-6-openjdk/jre/lib/amd64/libinstrument.so
7ffb0edd0000-7ffb0edd1000 r--p 00009000 08:02 395465                     /usr/lib/jvm/java-6-openjdk/jre/lib/amd64/libinstrument.so
7ffb0edd1000-7ffb0edd2000 rw-p 0000a000 08:02 395465                     /usr/lib/jvm/java-6-openjdk/jre/lib/amd64/libinstrument.so
7ffb0edd2000-7ffb0ee0c000 r-xp 00000000 08:02 395461                     /usr/lib/jvm/java-6-openjdk/jre/lib/amd64/libjdwp.so
7ffb0ee0c000-7ffb0f00b000 ---p 0003a000 08:02 395461                     /usr/lib/jvm/java-6-openjdk/jre/lib/amd64/libjdwp.so
7ffb0f00b000-7ffb0f00c000 r--p 00039000 08:02 395461                     /usr/lib/jvm/java-6-openjdk/jre/lib/amd64/libjdwp.so
7ffb0f00c000-7ffb0f00d000 rw-p 0003a000 08:02 395461                     /usr/lib/jvm/java-6-openjdk/jre/lib/amd64/libjdwp.so
7ffb0f00d000-7ffb0f039000 r-xp 00000000 08:02 395469                     /usr/lib/jvm/java-6-openjdk/jre/lib/amd64/libjava.so
7ffb0f039000-7ffb0f238000 ---p 0002c000 08:02 395469                     /usr/lib/jvm/java-6-openjdk/jre/lib/amd64/libjava.so
7ffb0f238000-7ffb0f239000 r--p 0002b000 08:02 395469                     /usr/lib/jvm/java-6-openjdk/jre/lib/amd64/libjava.so
7ffb0f239000-7ffb0f23c000 rw-p 0002c000 08:02 395469                     /usr/lib/jvm/java-6-openjdk/jre/lib/amd64/libjava.so
7ffb0f23c000-7ffb0f24a000 r-xp 00000000 08:02 395455                     /usr/lib/jvm/java-6-openjdk/jre/lib/amd64/libverify.so
7ffb0f24a000-7ffb0f449000 ---p 0000e000 08:02 395455                     /usr/lib/jvm/java-6-openjdk/jre/lib/amd64/libverify.so
7ffb0f449000-7ffb0f44b000 r--p 0000d000 08:02 395455                     /usr/lib/jvm/java-6-openjdk/jre/lib/amd64/libverify.so
7ffb0f44b000-7ffb0f44c000 rw-p 0000f000 08:02 395455                     /usr/lib/jvm/java-6-openjdk/jre/lib/amd64/libverify.so
7ffb0f44c000-7ffb0f453000 r-xp 00000000 08:02 265770                     /lib/x86_64-linux-gnu/librt-2.13.so
7ffb0f453000-7ffb0f652000 ---p 00007000 08:02 265770                     /lib/x86_64-linux-gnu/librt-2.13.so
7ffb0f652000-7ffb0f653000 r--p 00006000 08:02 265770                     /lib/x86_64-linux-gnu/librt-2.13.so
7ffb0f653000-7ffb0f654000 rw-p 00007000 08:02 265770                     /lib/x86_64-linux-gnu/librt-2.13.so
7ffb0f654000-7ffb0f669000 r-xp 00000000 08:02 265727                     /lib/x86_64-linux-gnu/libgcc_s.so.1
7ffb0f669000-7ffb0f868000 ---p 00015000 08:02 265727                     /lib/x86_64-linux-gnu/libgcc_s.so.1
7ffb0f868000-7ffb0f869000 r--p 00014000 08:02 265727                     /lib/x86_64-linux-gnu/libgcc_s.so.1
7ffb0f869000-7ffb0f86a000 rw-p 00015000 08:02 265727                     /lib/x86_64-linux-gnu/libgcc_s.so.1
7ffb0f86a000-7ffb0f8ed000 r-xp 00000000 08:02 265736                     /lib/x86_64-linux-gnu/libm-2.13.so
7ffb0f8ed000-7ffb0faec000 ---p 00083000 08:02 265736                     /lib/x86_64-linux-gnu/libm-2.13.so
7ffb0faec000-7ffb0faed000 r--p 00082000 08:02 265736                     /lib/x86_64-linux-gnu/libm-2.13.so
7ffb0faed000-7ffb0faee000 rw-p 00083000 08:02 265736                     /lib/x86_64-linux-gnu/libm-2.13.so
7ffb0faee000-7ffb0fbd6000 r-xp 00000000 08:02 401004                     /usr/lib/x86_64-linux-gnu/libstdc++.so.6.0.16
7ffb0fbd6000-7ffb0fdd6000 ---p 000e8000 08:02 401004                     /usr/lib/x86_64-linux-gnu/libstdc++.so.6.0.16
7ffb0fdd6000-7ffb0fdde000 r--p 000e8000 08:02 401004                     /usr/lib/x86_64-linux-gnu/libstdc++.so.6.0.16
7ffb0fdde000-7ffb0fde0000 rw-p 000f0000 08:02 401004                     /usr/lib/x86_64-linux-gnu/libstdc++.so.6.0.16
7ffb0fde0000-7ffb0fdf5000 rw-p 00000000 00:00 0 
7ffb0fdf5000-7ffb106f8000 r-xp 00000000 08:02 395472                     /usr/lib/jvm/java-6-openjdk/jre/lib/amd64/server/libjvm.so
7ffb106f8000-7ffb108f7000 ---p 00903000 08:02 395472                     /usr/lib/jvm/java-6-openjdk/jre/lib/amd64/server/libjvm.so
7ffb108f7000-7ffb10978000 r--p 00902000 08:02 395472                     /usr/lib/jvm/java-6-openjdk/jre/lib/amd64/server/libjvm.so
7ffb10978000-7ffb10993000 rw-p 00983000 08:02 395472                     /usr/lib/jvm/java-6-openjdk/jre/lib/amd64/server/libjvm.so
7ffb10993000-7ffb109bc000 rw-p 00000000 00:00 0 
7ffb109bc000-7ffb109d3000 r-xp 00000000 08:02 265789                     /lib/x86_64-linux-gnu/libz.so.1.2.3.4
7ffb109d3000-7ffb10bd2000 ---p 00017000 08:02 265789                     /lib/x86_64-linux-gnu/libz.so.1.2.3.4
7ffb10bd2000-7ffb10bd3000 r--p 00016000 08:02 265789                     /lib/x86_64-linux-gnu/libz.so.1.2.3.4
7ffb10bd3000-7ffb10bd4000 rw-p 00017000 08:02 265789                     /lib/x86_64-linux-gnu/libz.so.1.2.3.4
7ffb10bd4000-7ffb10d69000 r-xp 00000000 08:02 265706                     /lib/x86_64-linux-gnu/libc-2.13.so
7ffb10d69000-7ffb10f68000 ---p 00195000 08:02 265706                     /lib/x86_64-linux-gnu/libc-2.13.so
7ffb10f68000-7ffb10f6c000 r--p 00194000 08:02 265706                     /lib/x86_64-linux-gnu/libc-2.13.so
7ffb10f6c000-7ffb10f6d000 rw-p 00198000 08:02 265706                     /lib/x86_64-linux-gnu/libc-2.13.so
7ffb10f6d000-7ffb10f73000 rw-p 00000000 00:00 0 
7ffb10f73000-7ffb10f75000 r-xp 00000000 08:02 265717                     /lib/x86_64-linux-gnu/libdl-2.13.so
7ffb10f75000-7ffb11175000 ---p 00002000 08:02 265717                     /lib/x86_64-linux-gnu/libdl-2.13.so
7ffb11175000-7ffb11176000 r--p 00002000 08:02 265717                     /lib/x86_64-linux-gnu/libdl-2.13.so
7ffb11176000-7ffb11177000 rw-p 00003000 08:02 265717                     /lib/x86_64-linux-gnu/libdl-2.13.so
7ffb11177000-7ffb1117b000 r-xp 00000000 08:02 395453                     /usr/lib/jvm/java-6-openjdk/jre/lib/amd64/jli/libjli.so
7ffb1117b000-7ffb1137a000 ---p 00004000 08:02 395453                     /usr/lib/jvm/java-6-openjdk/jre/lib/amd64/jli/libjli.so
7ffb1137a000-7ffb1137b000 r--p 00003000 08:02 395453                     /usr/lib/jvm/java-6-openjdk/jre/lib/amd64/jli/libjli.so
7ffb1137b000-7ffb1137c000 rw-p 00004000 08:02 395453                     /usr/lib/jvm/java-6-openjdk/jre/lib/amd64/jli/libjli.so
7ffb1137c000-7ffb11394000 r-xp 00000000 08:02 265766                     /lib/x86_64-linux-gnu/libpthread-2.13.so
7ffb11394000-7ffb11593000 ---p 00018000 08:02 265766                     /lib/x86_64-linux-gnu/libpthread-2.13.so
7ffb11593000-7ffb11594000 r--p 00017000 08:02 265766                     /lib/x86_64-linux-gnu/libpthread-2.13.so
7ffb11594000-7ffb11595000 rw-p 00018000 08:02 265766                     /lib/x86_64-linux-gnu/libpthread-2.13.so
7ffb11595000-7ffb11599000 rw-p 00000000 00:00 0 
7ffb11599000-7ffb115ba000 r-xp 00000000 08:02 265693                     /lib/x86_64-linux-gnu/ld-2.13.so
7ffb115bb000-7ffb115bc000 r--s 00000000 08:02 934722                     /usr/local/play-1.2.4/framework/lib/javax.inject-1.0.jar
7ffb115bc000-7ffb115ca000 r--s 0007f000 08:02 934672                     /usr/local/play-1.2.4/framework/lib/commons-collections-3.2.1.jar
7ffb115ca000-7ffb115cc000 r--s 0000d000 08:02 934670                     /usr/local/play-1.2.4/framework/lib/commons-codec-1.4.jar
7ffb115cc000-7ffb115cd000 r--s 00001000 08:02 1197125                    /usr/local/play-1.2.4/modules/testrunner/lib/play-testrunner.jar
7ffb115cd000-7ffb115ce000 rw-p 00000000 00:00 0 
7ffb115ce000-7ffb115d1000 r--s 0007d000 08:02 394588                     /usr/lib/jvm/java-6-openjdk/jre/lib/jsse.jar
7ffb115d1000-7ffb115dd000 r--s 000c2000 08:02 934780                     /usr/local/play-1.2.4/framework/play-1.2.4.jar
7ffb115dd000-7ffb115f0000 rw-p 00000000 00:00 0 
7ffb115f0000-7ffb1169d000 rw-p 00000000 00:00 0 
7ffb1169d000-7ffb116a0000 ---p 00000000 00:00 0 
7ffb116a0000-7ffb117a3000 rw-p 00000000 00:00 0 
7ffb117a3000-7ffb117ab000 r--s 00066000 08:02 800601                     /usr/share/java/gnome-java-bridge.jar
7ffb117ab000-7ffb117ad000 r--s 0000f000 08:02 395403                     /usr/lib/jvm/java-6-openjdk/jre/lib/ext/pulse-java.jar
7ffb117ad000-7ffb117b5000 rw-s 00000000 08:02 1581081                    /tmp/hsperfdata_gparker/5180
7ffb117b5000-7ffb117b6000 rw-p 00000000 00:00 0 
7ffb117b6000-7ffb117b7000 r--p 00000000 00:00 0 
7ffb117b7000-7ffb117b9000 rw-p 00000000 00:00 0 
7ffb117b9000-7ffb117ba000 r--p 00020000 08:02 265693                     /lib/x86_64-linux-gnu/ld-2.13.so
7ffb117ba000-7ffb117bc000 rw-p 00021000 08:02 265693                     /lib/x86_64-linux-gnu/ld-2.13.so
7ffffff10000-7ffffff32000 rw-p 00000000 00:00 0                          [stack]
7fffffffe000-7ffffffff000 r-xp 00000000 00:00 0                          [vdso]
ffffffffff600000-ffffffffff601000 r-xp 00000000 00:00 0                  [vsyscall]

VM Arguments:
jvm_args: -javaagent:/usr/local/play-1.2.4/framework/play-1.2.4.jar -XX:-UseSplitVerifier -Dfile.encoding=utf-8 -Xdebug -Xrunjdwp:transport=dt_socket,address=8000,server=y,suspend=n -Dplay.debug=yes -Dapplication.path=/home/gparker/classes/378/yabe -Dplay.id=test 
java_command: play.server.Server 
Launcher Type: SUN_STANDARD

Environment Variables:
JAVA_HOME=/usr/lib/jvm/java-1.6.0-openjdk
CLASSPATH=:/usr/local/src/junit4.9/junit.jar
PATH=/usr/lib/lightdm/lightdm:/usr/local/sbin:/usr/local/bin:/usr/sbin:/usr/bin:/sbin:/bin:/usr/games:/home/gparker/scripts/:/usr/local/mysql/bin:/usr/local/google_appengine:/usr/local/node/bin:/usr/local/play-1.2.4
USERNAME=gparker
LD_LIBRARY_PATH=/usr/lib/jvm/java-6-openjdk/jre/lib/amd64/server:/usr/lib/jvm/java-6-openjdk/jre/lib/amd64:/usr/lib/jvm/java-6-openjdk/jre/../lib/amd64
SHELL=/bin/bash
DISPLAY=:0.0

Signal Handlers:
SIGSEGV: [libjvm.so+0x783e60], sa_mask[0]=0x7ffbfeff, sa_flags=0x10000004
SIGBUS: [libjvm.so+0x783e60], sa_mask[0]=0x7ffbfeff, sa_flags=0x10000004
SIGFPE: [libjvm.so+0x6485c0], sa_mask[0]=0x7ffbfeff, sa_flags=0x10000004
SIGPIPE: [libjvm.so+0x6485c0], sa_mask[0]=0x7ffbfeff, sa_flags=0x10000004
SIGXFSZ: [libjvm.so+0x6485c0], sa_mask[0]=0x7ffbfeff, sa_flags=0x10000004
SIGILL: [libjvm.so+0x6485c0], sa_mask[0]=0x7ffbfeff, sa_flags=0x10000004
SIGUSR1: SIG_DFL, sa_mask[0]=0x00000000, sa_flags=0x00000000
SIGUSR2: [libjvm.so+0x648770], sa_mask[0]=0x00000000, sa_flags=0x10000004
SIGHUP: [libjvm.so+0x64b280], sa_mask[0]=0x7ffbfeff, sa_flags=0x10000004
SIGINT: [libjvm.so+0x64b280], sa_mask[0]=0x7ffbfeff, sa_flags=0x10000004
SIGTERM: [libjvm.so+0x64b280], sa_mask[0]=0x7ffbfeff, sa_flags=0x10000004
SIGQUIT: [libjvm.so+0x64b280], sa_mask[0]=0x7ffbfeff, sa_flags=0x10000004


---------------  S Y S T E M  ---------------

OS:Ubuntu 11.10 (oneiric)
uname:Linux 3.0.0-13-generic #22-Ubuntu SMP Wed Nov 2 13:27:26 UTC 2011 x86_64
libc:glibc 2.13 NPTL 2.13 
rlimit: STACK 8192k, CORE 0k, NPROC 31019, NOFILE 4096, AS infinity
load average:0.07 0.07 0.11

/proc/meminfo:
MemTotal:        3992080 kB
MemFree:         1582248 kB
Buffers:           83860 kB
Cached:          1019424 kB
SwapCached:            0 kB
Active:          1458096 kB
Inactive:         687936 kB
Active(anon):    1044272 kB
Inactive(anon):     5304 kB
Active(file):     413824 kB
Inactive(file):   682632 kB
Unevictable:          32 kB
Mlocked:              32 kB
SwapTotal:       4881404 kB
SwapFree:        4881404 kB
Dirty:               316 kB
Writeback:             0 kB
AnonPages:       1043552 kB
Mapped:           166560 kB
Shmem:              6844 kB
Slab:              92988 kB
SReclaimable:      54252 kB
SUnreclaim:        38736 kB
KernelStack:        3624 kB
PageTables:        35796 kB
NFS_Unstable:          0 kB
Bounce:                0 kB
WritebackTmp:          0 kB
CommitLimit:     6877444 kB
Committed_AS:    3204764 kB
VmallocTotal:   34359738367 kB
VmallocUsed:      150340 kB
VmallocChunk:   34359584252 kB
HardwareCorrupted:     0 kB
AnonHugePages:         0 kB
HugePages_Total:       0
HugePages_Free:        0
HugePages_Rsvd:        0
HugePages_Surp:        0
Hugepagesize:       2048 kB
DirectMap4k:      180224 kB
DirectMap2M:     3948544 kB


CPU:total 8 (4 cores per cpu, 2 threads per core) family 6 model 30 stepping 5, cmov, cx8, fxsr, mmx, sse, sse2, sse3, ssse3, sse4.1, sse4.2, popcnt, ht

Memory: 4k page, physical 3992080k(1582248k free), swap 4881404k(4881404k free)

vm_info: OpenJDK 64-Bit Server VM (20.0-b11) for linux-amd64 JRE (1.6.0_23-b23), built on Oct 22 2011 01:00:57 by "buildd" with gcc 4.6.1

time: Thu Jan 19 18:16:59 2012
elapsed time: 2465 seconds

